-------------------------------------------------------------------------------
Test set: com.denis_adidas.cloudstorage.services.CredentialServiceTest
-------------------------------------------------------------------------------
Tests run: 2, Failures: 0, Errors: 2, Skipped: 0, Time elapsed: 0.108 s <<< FAILURE! - in com.denis_adidas.cloudstorage.services.CredentialServiceTest
test_updateCredential_reset_fields  Time elapsed: 0.025 s  <<< ERROR!
org.springframework.jdbc.BadSqlGrammarException: 

### Error updating database.  Cause: org.h2.jdbc.JdbcSQLSyntaxErrorException: Table "USERS" not found (this database is empty); SQL statement:
INSERT INTO USERS (username, salt, password, firstName, lastName) VALUES(?, ?, ?, ?, ?) [42104-214]
### The error may exist in com/denis_adidas/cloudstorage/mapper/UserMapper.java (best guess)
### The error may involve com.denis_adidas.cloudstorage.mapper.UserMapper.createUser
### The error occurred while executing an update
### SQL: INSERT INTO USERS (username, salt, password, firstName, lastName) VALUES(?, ?, ?, ?, ?)
### Cause: org.h2.jdbc.JdbcSQLSyntaxErrorException: Table "USERS" not found (this database is empty); SQL statement:
INSERT INTO USERS (username, salt, password, firstName, lastName) VALUES(?, ?, ?, ?, ?) [42104-214]
; bad SQL grammar []; nested exception is org.h2.jdbc.JdbcSQLSyntaxErrorException: Table "USERS" not found (this database is empty); SQL statement:
INSERT INTO USERS (username, salt, password, firstName, lastName) VALUES(?, ?, ?, ?, ?) [42104-214]
	at com.denis_adidas.cloudstorage.services.CredentialServiceTest.setUp(CredentialServiceTest.java:47)
Caused by: org.h2.jdbc.JdbcSQLSyntaxErrorException: 
Table "USERS" not found (this database is empty); SQL statement:
INSERT INTO USERS (username, salt, password, firstName, lastName) VALUES(?, ?, ?, ?, ?) [42104-214]
	at com.denis_adidas.cloudstorage.services.CredentialServiceTest.setUp(CredentialServiceTest.java:47)

test_updateCredential_same_password  Time elapsed: 0.018 s  <<< ERROR!
org.springframework.jdbc.BadSqlGrammarException: 

### Error updating database.  Cause: org.h2.jdbc.JdbcSQLSyntaxErrorException: Table "USERS" not found (this database is empty); SQL statement:
INSERT INTO USERS (username, salt, password, firstName, lastName) VALUES(?, ?, ?, ?, ?) [42104-214]
### The error may exist in com/denis_adidas/cloudstorage/mapper/UserMapper.java (best guess)
### The error may involve com.denis_adidas.cloudstorage.mapper.UserMapper.createUser
### The error occurred while executing an update
### SQL: INSERT INTO USERS (username, salt, password, firstName, lastName) VALUES(?, ?, ?, ?, ?)
### Cause: org.h2.jdbc.JdbcSQLSyntaxErrorException: Table "USERS" not found (this database is empty); SQL statement:
INSERT INTO USERS (username, salt, password, firstName, lastName) VALUES(?, ?, ?, ?, ?) [42104-214]
; bad SQL grammar []; nested exception is org.h2.jdbc.JdbcSQLSyntaxErrorException: Table "USERS" not found (this database is empty); SQL statement:
INSERT INTO USERS (username, salt, password, firstName, lastName) VALUES(?, ?, ?, ?, ?) [42104-214]
	at com.denis_adidas.cloudstorage.services.CredentialServiceTest.setUp(CredentialServiceTest.java:47)
Caused by: org.h2.jdbc.JdbcSQLSyntaxErrorException: 
Table "USERS" not found (this database is empty); SQL statement:
INSERT INTO USERS (username, salt, password, firstName, lastName) VALUES(?, ?, ?, ?, ?) [42104-214]
	at com.denis_adidas.cloudstorage.services.CredentialServiceTest.setUp(CredentialServiceTest.java:47)

