-------------------------------------------------------------------------------
Test set: com.denis_adidas.cloudstorage.mapper.CredentialMapperTest
-------------------------------------------------------------------------------
Tests run: 7, Failures: 0, Errors: 7, Skipped: 0, Time elapsed: 2.715 s <<< FAILURE! - in com.denis_adidas.cloudstorage.mapper.CredentialMapperTest
updateCredential  Time elapsed: 0.607 s  <<< ERROR!
org.springframework.jdbc.BadSqlGrammarException: 

### Error updating database.  Cause: org.h2.jdbc.JdbcSQLSyntaxErrorException: Table "USERS" not found (this database is empty); SQL statement:
INSERT INTO USERS (username, salt, password, firstName, lastName) VALUES(?, ?, ?, ?, ?) [42104-214]
### The error may exist in com/denis_adidas/cloudstorage/mapper/UserMapper.java (best guess)
### The error may involve com.denis_adidas.cloudstorage.mapper.UserMapper.createUser
### The error occurred while executing an update
### SQL: INSERT INTO USERS (username, salt, password, firstName, lastName) VALUES(?, ?, ?, ?, ?)
### Cause: org.h2.jdbc.JdbcSQLSyntaxErrorException: Table "USERS" not found (this database is empty); SQL statement:
INSERT INTO USERS (username, salt, password, firstName, lastName) VALUES(?, ?, ?, ?, ?) [42104-214]
; bad SQL grammar []; nested exception is org.h2.jdbc.JdbcSQLSyntaxErrorException: Table "USERS" not found (this database is empty); SQL statement:
INSERT INTO USERS (username, salt, password, firstName, lastName) VALUES(?, ?, ?, ?, ?) [42104-214]
	at com.denis_adidas.cloudstorage.mapper.CredentialMapperTest.setUp(CredentialMapperTest.java:35)
Caused by: org.h2.jdbc.JdbcSQLSyntaxErrorException: 
Table "USERS" not found (this database is empty); SQL statement:
INSERT INTO USERS (username, salt, password, firstName, lastName) VALUES(?, ?, ?, ?, ?) [42104-214]
	at com.denis_adidas.cloudstorage.mapper.CredentialMapperTest.setUp(CredentialMapperTest.java:35)

findCredentialByUser  Time elapsed: 0.005 s  <<< ERROR!
org.springframework.jdbc.BadSqlGrammarException: 

### Error updating database.  Cause: org.h2.jdbc.JdbcSQLSyntaxErrorException: Table "USERS" not found (this database is empty); SQL statement:
INSERT INTO USERS (username, salt, password, firstName, lastName) VALUES(?, ?, ?, ?, ?) [42104-214]
### The error may exist in com/denis_adidas/cloudstorage/mapper/UserMapper.java (best guess)
### The error may involve com.denis_adidas.cloudstorage.mapper.UserMapper.createUser
### The error occurred while executing an update
### SQL: INSERT INTO USERS (username, salt, password, firstName, lastName) VALUES(?, ?, ?, ?, ?)
### Cause: org.h2.jdbc.JdbcSQLSyntaxErrorException: Table "USERS" not found (this database is empty); SQL statement:
INSERT INTO USERS (username, salt, password, firstName, lastName) VALUES(?, ?, ?, ?, ?) [42104-214]
; bad SQL grammar []; nested exception is org.h2.jdbc.JdbcSQLSyntaxErrorException: Table "USERS" not found (this database is empty); SQL statement:
INSERT INTO USERS (username, salt, password, firstName, lastName) VALUES(?, ?, ?, ?, ?) [42104-214]
	at com.denis_adidas.cloudstorage.mapper.CredentialMapperTest.setUp(CredentialMapperTest.java:35)
Caused by: org.h2.jdbc.JdbcSQLSyntaxErrorException: 
Table "USERS" not found (this database is empty); SQL statement:
INSERT INTO USERS (username, salt, password, firstName, lastName) VALUES(?, ?, ?, ?, ?) [42104-214]
	at com.denis_adidas.cloudstorage.mapper.CredentialMapperTest.setUp(CredentialMapperTest.java:35)

findCredentialByUrl  Time elapsed: 0.006 s  <<< ERROR!
org.springframework.jdbc.BadSqlGrammarException: 

### Error updating database.  Cause: org.h2.jdbc.JdbcSQLSyntaxErrorException: Table "USERS" not found (this database is empty); SQL statement:
INSERT INTO USERS (username, salt, password, firstName, lastName) VALUES(?, ?, ?, ?, ?) [42104-214]
### The error may exist in com/denis_adidas/cloudstorage/mapper/UserMapper.java (best guess)
### The error may involve com.denis_adidas.cloudstorage.mapper.UserMapper.createUser
### The error occurred while executing an update
### SQL: INSERT INTO USERS (username, salt, password, firstName, lastName) VALUES(?, ?, ?, ?, ?)
### Cause: org.h2.jdbc.JdbcSQLSyntaxErrorException: Table "USERS" not found (this database is empty); SQL statement:
INSERT INTO USERS (username, salt, password, firstName, lastName) VALUES(?, ?, ?, ?, ?) [42104-214]
; bad SQL grammar []; nested exception is org.h2.jdbc.JdbcSQLSyntaxErrorException: Table "USERS" not found (this database is empty); SQL statement:
INSERT INTO USERS (username, salt, password, firstName, lastName) VALUES(?, ?, ?, ?, ?) [42104-214]
	at com.denis_adidas.cloudstorage.mapper.CredentialMapperTest.setUp(CredentialMapperTest.java:35)
Caused by: org.h2.jdbc.JdbcSQLSyntaxErrorException: 
Table "USERS" not found (this database is empty); SQL statement:
INSERT INTO USERS (username, salt, password, firstName, lastName) VALUES(?, ?, ?, ?, ?) [42104-214]
	at com.denis_adidas.cloudstorage.mapper.CredentialMapperTest.setUp(CredentialMapperTest.java:35)

deleteCredentialById  Time elapsed: 0.005 s  <<< ERROR!
org.springframework.jdbc.BadSqlGrammarException: 

### Error updating database.  Cause: org.h2.jdbc.JdbcSQLSyntaxErrorException: Table "USERS" not found (this database is empty); SQL statement:
INSERT INTO USERS (username, salt, password, firstName, lastName) VALUES(?, ?, ?, ?, ?) [42104-214]
### The error may exist in com/denis_adidas/cloudstorage/mapper/UserMapper.java (best guess)
### The error may involve com.denis_adidas.cloudstorage.mapper.UserMapper.createUser
### The error occurred while executing an update
### SQL: INSERT INTO USERS (username, salt, password, firstName, lastName) VALUES(?, ?, ?, ?, ?)
### Cause: org.h2.jdbc.JdbcSQLSyntaxErrorException: Table "USERS" not found (this database is empty); SQL statement:
INSERT INTO USERS (username, salt, password, firstName, lastName) VALUES(?, ?, ?, ?, ?) [42104-214]
; bad SQL grammar []; nested exception is org.h2.jdbc.JdbcSQLSyntaxErrorException: Table "USERS" not found (this database is empty); SQL statement:
INSERT INTO USERS (username, salt, password, firstName, lastName) VALUES(?, ?, ?, ?, ?) [42104-214]
	at com.denis_adidas.cloudstorage.mapper.CredentialMapperTest.setUp(CredentialMapperTest.java:35)
Caused by: org.h2.jdbc.JdbcSQLSyntaxErrorException: 
Table "USERS" not found (this database is empty); SQL statement:
INSERT INTO USERS (username, salt, password, firstName, lastName) VALUES(?, ?, ?, ?, ?) [42104-214]
	at com.denis_adidas.cloudstorage.mapper.CredentialMapperTest.setUp(CredentialMapperTest.java:35)

findAllCredentials  Time elapsed: 0.006 s  <<< ERROR!
org.springframework.jdbc.BadSqlGrammarException: 

### Error updating database.  Cause: org.h2.jdbc.JdbcSQLSyntaxErrorException: Table "USERS" not found (this database is empty); SQL statement:
INSERT INTO USERS (username, salt, password, firstName, lastName) VALUES(?, ?, ?, ?, ?) [42104-214]
### The error may exist in com/denis_adidas/cloudstorage/mapper/UserMapper.java (best guess)
### The error may involve com.denis_adidas.cloudstorage.mapper.UserMapper.createUser
### The error occurred while executing an update
### SQL: INSERT INTO USERS (username, salt, password, firstName, lastName) VALUES(?, ?, ?, ?, ?)
### Cause: org.h2.jdbc.JdbcSQLSyntaxErrorException: Table "USERS" not found (this database is empty); SQL statement:
INSERT INTO USERS (username, salt, password, firstName, lastName) VALUES(?, ?, ?, ?, ?) [42104-214]
; bad SQL grammar []; nested exception is org.h2.jdbc.JdbcSQLSyntaxErrorException: Table "USERS" not found (this database is empty); SQL statement:
INSERT INTO USERS (username, salt, password, firstName, lastName) VALUES(?, ?, ?, ?, ?) [42104-214]
	at com.denis_adidas.cloudstorage.mapper.CredentialMapperTest.setUp(CredentialMapperTest.java:35)
Caused by: org.h2.jdbc.JdbcSQLSyntaxErrorException: 
Table "USERS" not found (this database is empty); SQL statement:
INSERT INTO USERS (username, salt, password, firstName, lastName) VALUES(?, ?, ?, ?, ?) [42104-214]
	at com.denis_adidas.cloudstorage.mapper.CredentialMapperTest.setUp(CredentialMapperTest.java:35)

createCredential  Time elapsed: 0.007 s  <<< ERROR!
org.springframework.jdbc.BadSqlGrammarException: 

### Error updating database.  Cause: org.h2.jdbc.JdbcSQLSyntaxErrorException: Table "USERS" not found (this database is empty); SQL statement:
INSERT INTO USERS (username, salt, password, firstName, lastName) VALUES(?, ?, ?, ?, ?) [42104-214]
### The error may exist in com/denis_adidas/cloudstorage/mapper/UserMapper.java (best guess)
### The error may involve com.denis_adidas.cloudstorage.mapper.UserMapper.createUser
### The error occurred while executing an update
### SQL: INSERT INTO USERS (username, salt, password, firstName, lastName) VALUES(?, ?, ?, ?, ?)
### Cause: org.h2.jdbc.JdbcSQLSyntaxErrorException: Table "USERS" not found (this database is empty); SQL statement:
INSERT INTO USERS (username, salt, password, firstName, lastName) VALUES(?, ?, ?, ?, ?) [42104-214]
; bad SQL grammar []; nested exception is org.h2.jdbc.JdbcSQLSyntaxErrorException: Table "USERS" not found (this database is empty); SQL statement:
INSERT INTO USERS (username, salt, password, firstName, lastName) VALUES(?, ?, ?, ?, ?) [42104-214]
	at com.denis_adidas.cloudstorage.mapper.CredentialMapperTest.setUp(CredentialMapperTest.java:35)
Caused by: org.h2.jdbc.JdbcSQLSyntaxErrorException: 
Table "USERS" not found (this database is empty); SQL statement:
INSERT INTO USERS (username, salt, password, firstName, lastName) VALUES(?, ?, ?, ?, ?) [42104-214]
	at com.denis_adidas.cloudstorage.mapper.CredentialMapperTest.setUp(CredentialMapperTest.java:35)

findCredentialById  Time elapsed: 0.006 s  <<< ERROR!
org.springframework.jdbc.BadSqlGrammarException: 

### Error updating database.  Cause: org.h2.jdbc.JdbcSQLSyntaxErrorException: Table "USERS" not found (this database is empty); SQL statement:
INSERT INTO USERS (username, salt, password, firstName, lastName) VALUES(?, ?, ?, ?, ?) [42104-214]
### The error may exist in com/denis_adidas/cloudstorage/mapper/UserMapper.java (best guess)
### The error may involve com.denis_adidas.cloudstorage.mapper.UserMapper.createUser
### The error occurred while executing an update
### SQL: INSERT INTO USERS (username, salt, password, firstName, lastName) VALUES(?, ?, ?, ?, ?)
### Cause: org.h2.jdbc.JdbcSQLSyntaxErrorException: Table "USERS" not found (this database is empty); SQL statement:
INSERT INTO USERS (username, salt, password, firstName, lastName) VALUES(?, ?, ?, ?, ?) [42104-214]
; bad SQL grammar []; nested exception is org.h2.jdbc.JdbcSQLSyntaxErrorException: Table "USERS" not found (this database is empty); SQL statement:
INSERT INTO USERS (username, salt, password, firstName, lastName) VALUES(?, ?, ?, ?, ?) [42104-214]
	at com.denis_adidas.cloudstorage.mapper.CredentialMapperTest.setUp(CredentialMapperTest.java:35)
Caused by: org.h2.jdbc.JdbcSQLSyntaxErrorException: 
Table "USERS" not found (this database is empty); SQL statement:
INSERT INTO USERS (username, salt, password, firstName, lastName) VALUES(?, ?, ?, ?, ?) [42104-214]
	at com.denis_adidas.cloudstorage.mapper.CredentialMapperTest.setUp(CredentialMapperTest.java:35)

