<?xml version="1.0" encoding="UTF-8"?>
<testsuite xmlns:xsi="http://www.w3.org/2001/XMLSchema-instance" xsi:noNamespaceSchemaLocation="https://maven.apache.org/surefire/maven-surefire-plugin/xsd/surefire-test-report.xsd" name="com.denis_adidas.cloudstorage.mapper.CredentialMapperTest" time="2.715" tests="7" errors="7" skipped="0" failures="0">
  <properties>
[...]
</properties>
  <testcase name="updateCredential" classname="com.denis_adidas.cloudstorage.mapper.CredentialMapperTest" time="0.607">
    <error message="&#10;### Error updating database.  Cause: org.h2.jdbc.JdbcSQLSyntaxErrorException: Table &quot;USERS&quot; not found (this database is empty); SQL statement:&#10;INSERT INTO USERS (username, salt, password, firstName, lastName) VALUES(?, ?, ?, ?, ?) [42104-214]&#10;### The error may exist in com/denis_adidas/cloudstorage/mapper/UserMapper.java (best guess)&#10;### The error may involve com.denis_adidas.cloudstorage.mapper.UserMapper.createUser&#10;### The error occurred while executing an update&#10;### SQL: INSERT INTO USERS (username, salt, password, firstName, lastName) VALUES(?, ?, ?, ?, ?)&#10;### Cause: org.h2.jdbc.JdbcSQLSyntaxErrorException: Table &quot;USERS&quot; not found (this database is empty); SQL statement:&#10;INSERT INTO USERS (username, salt, password, firstName, lastName) VALUES(?, ?, ?, ?, ?) [42104-214]&#10;; bad SQL grammar []; nested exception is org.h2.jdbc.JdbcSQLSyntaxErrorException: Table &quot;USERS&quot; not found (this database is empty); SQL statement:&#10;INSERT INTO USERS (username, salt, password, firstName, lastName) VALUES(?, ?, ?, ?, ?) [42104-214]" type="org.springframework.jdbc.BadSqlGrammarException">org.springframework.jdbc.BadSqlGrammarException: 

### Error updating database.  Cause: org.h2.jdbc.JdbcSQLSyntaxErrorException: Table "USERS" not found (this database is empty); SQL statement:
INSERT INTO USERS (username, salt, password, firstName, lastName) VALUES(?, ?, ?, ?, ?) [42104-214]
### The error may exist in com/denis_adidas/cloudstorage/mapper/UserMapper.java (best guess)
### The error may involve com.denis_adidas.cloudstorage.mapper.UserMapper.createUser
### The error occurred while executing an update
### SQL: INSERT INTO USERS (username, salt, password, firstName, lastName) VALUES(?, ?, ?, ?, ?)
### Cause: org.h2.jdbc.JdbcSQLSyntaxErrorException: Table "USERS" not found (this database is empty); SQL statement:
INSERT INTO USERS (username, salt, password, firstName, lastName) VALUES(?, ?, ?, ?, ?) [42104-214]
; bad SQL grammar []; nested exception is org.h2.jdbc.JdbcSQLSyntaxErrorException: Table "USERS" not found (this database is empty); SQL statement:
INSERT INTO USERS (username, salt, password, firstName, lastName) VALUES(?, ?, ?, ?, ?) [42104-214]
	at com.denis_adidas.cloudstorage.mapper.CredentialMapperTest.setUp(CredentialMapperTest.java:35)
Caused by: org.h2.jdbc.JdbcSQLSyntaxErrorException: 
Table "USERS" not found (this database is empty); SQL statement:
INSERT INTO USERS (username, salt, password, firstName, lastName) VALUES(?, ?, ?, ?, ?) [42104-214]
	at com.denis_adidas.cloudstorage.mapper.CredentialMapperTest.setUp(CredentialMapperTest.java:35)
</error>
    <system-out><![CDATA[19:04:53.376 [main] DEBUG org.springframework.test.context.BootstrapUtils - Instantiating CacheAwareContextLoaderDelegate from class [org.springframework.test.context.cache.DefaultCacheAwareContextLoaderDelegate]
19:04:53.387 [main] DEBUG org.springframework.test.context.BootstrapUtils - Instantiating BootstrapContext using constructor [public org.springframework.test.context.support.DefaultBootstrapContext(java.lang.Class,org.springframework.test.context.CacheAwareContextLoaderDelegate)]
19:04:53.432 [main] DEBUG org.springframework.test.context.BootstrapUtils - Instantiating TestContextBootstrapper for test class [com.denis_adidas.cloudstorage.mapper.CredentialMapperTest] from class [org.mybatis.spring.boot.test.autoconfigure.MybatisTestContextBootstrapper]
19:04:53.445 [main] INFO org.mybatis.spring.boot.test.autoconfigure.MybatisTestContextBootstrapper - Neither @ContextConfiguration nor @ContextHierarchy found for test class [com.denis_adidas.cloudstorage.mapper.CredentialMapperTest], using SpringBootContextLoader
19:04:53.448 [main] DEBUG org.springframework.test.context.support.AbstractContextLoader - Did not detect default resource location for test class [com.denis_adidas.cloudstorage.mapper.CredentialMapperTest]: class path resource [com/denis_adidas/cloudstorage/mapper/CredentialMapperTest-context.xml] does not exist
19:04:53.449 [main] DEBUG org.springframework.test.context.support.AbstractContextLoader - Did not detect default resource location for test class [com.denis_adidas.cloudstorage.mapper.CredentialMapperTest]: class path resource [com/denis_adidas/cloudstorage/mapper/CredentialMapperTestContext.groovy] does not exist
19:04:53.449 [main] INFO org.springframework.test.context.support.AbstractContextLoader - Could not detect default resource locations for test class [com.denis_adidas.cloudstorage.mapper.CredentialMapperTest]: no resource found for suffixes {-context.xml, Context.groovy}.
19:04:53.449 [main] INFO org.springframework.test.context.support.AnnotationConfigContextLoaderUtils - Could not detect default configuration classes for test class [com.denis_adidas.cloudstorage.mapper.CredentialMapperTest]: CredentialMapperTest does not declare any static, non-private, non-final, nested classes annotated with @Configuration.
19:04:53.522 [main] DEBUG org.springframework.test.context.support.ActiveProfilesUtils - Could not find an 'annotation declaring class' for annotation type [org.springframework.test.context.ActiveProfiles] and class [com.denis_adidas.cloudstorage.mapper.CredentialMapperTest]
19:04:53.589 [main] DEBUG org.springframework.context.annotation.ClassPathScanningCandidateComponentProvider - Identified candidate component class: file [D:\IntelliJ_projects\Новая папка\course-work-cloud-storage\target\classes\com\denis_adidas\cloudstorage\CloudStorageApplication.class]
19:04:53.589 [main] INFO org.springframework.boot.test.context.SpringBootTestContextBootstrapper - Found @SpringBootConfiguration com.denis_adidas.cloudstorage.CloudStorageApplication for test class com.denis_adidas.cloudstorage.mapper.CredentialMapperTest
19:04:53.593 [main] DEBUG org.mybatis.spring.boot.test.autoconfigure.MybatisTestContextBootstrapper - @TestExecutionListeners is not present for class [com.denis_adidas.cloudstorage.mapper.CredentialMapperTest]: using defaults.
19:04:53.594 [main] INFO org.mybatis.spring.boot.test.autoconfigure.MybatisTestContextBootstrapper - Loaded default TestExecutionListener class names from location [META-INF/spring.factories]: [org.springframework.boot.test.mock.mockito.MockitoTestExecutionListener, org.springframework.boot.test.mock.mockito.ResetMocksTestExecutionListener, org.springframework.boot.test.autoconfigure.restdocs.RestDocsTestExecutionListener, org.springframework.boot.test.autoconfigure.web.client.MockRestServiceServerResetTestExecutionListener, org.springframework.boot.test.autoconfigure.web.servlet.MockMvcPrintOnlyOnFailureTestExecutionListener, org.springframework.boot.test.autoconfigure.web.servlet.WebDriverTestExecutionListener, org.springframework.boot.test.autoconfigure.webservices.client.MockWebServiceServerTestExecutionListener, org.springframework.test.context.web.ServletTestExecutionListener, org.springframework.test.context.support.DirtiesContextBeforeModesTestExecutionListener, org.springframework.test.context.event.ApplicationEventsTestExecutionListener, org.springframework.test.context.support.DependencyInjectionTestExecutionListener, org.springframework.test.context.support.DirtiesContextTestExecutionListener, org.springframework.test.context.transaction.TransactionalTestExecutionListener, org.springframework.test.context.jdbc.SqlScriptsTestExecutionListener, org.springframework.test.context.event.EventPublishingTestExecutionListener, org.springframework.security.test.context.support.WithSecurityContextTestExecutionListener, org.springframework.security.test.context.support.ReactorContextTestExecutionListener]
19:04:53.619 [main] INFO org.mybatis.spring.boot.test.autoconfigure.MybatisTestContextBootstrapper - Using TestExecutionListeners: [org.springframework.test.context.web.ServletTestExecutionListener@50dfbc58, org.springframework.test.context.support.DirtiesContextBeforeModesTestExecutionListener@4416d64f, org.springframework.test.context.event.ApplicationEventsTestExecutionListener@6bf08014, org.springframework.boot.test.mock.mockito.MockitoTestExecutionListener@5e3d57c7, org.springframework.boot.test.autoconfigure.SpringBootDependencyInjectionTestExecutionListener@732d0d24, org.springframework.test.context.support.DirtiesContextTestExecutionListener@1fb19a0, org.springframework.test.context.transaction.TransactionalTestExecutionListener@6ee4d9ab, org.springframework.test.context.jdbc.SqlScriptsTestExecutionListener@5a5338df, org.springframework.test.context.event.EventPublishingTestExecutionListener@418c5a9c, org.springframework.security.test.context.support.WithSecurityContextTestExecutionListener@18e36d14, org.springframework.security.test.context.support.ReactorContextTestExecutionListener@5082d622, org.springframework.boot.test.mock.mockito.ResetMocksTestExecutionListener@13d4992d, org.springframework.boot.test.autoconfigure.restdocs.RestDocsTestExecutionListener@302f7971, org.springframework.boot.test.autoconfigure.web.client.MockRestServiceServerResetTestExecutionListener@332729ad, org.springframework.boot.test.autoconfigure.web.servlet.MockMvcPrintOnlyOnFailureTestExecutionListener@75d2da2d, org.springframework.boot.test.autoconfigure.web.servlet.WebDriverTestExecutionListener@4278284b, org.springframework.boot.test.autoconfigure.webservices.client.MockWebServiceServerTestExecutionListener@9573584]
19:04:53.623 [main] DEBUG org.springframework.test.context.support.AbstractDirtiesContextTestExecutionListener - Before test class: context [DefaultTestContext@7b8b43c7 testClass = CredentialMapperTest, testInstance = [null], testMethod = [null], testException = [null], mergedContextConfiguration = [MergedContextConfiguration@7aaca91a testClass = CredentialMapperTest, locations = '{}', classes = '{class com.denis_adidas.cloudstorage.CloudStorageApplication}', contextInitializerClasses = '[]', activeProfiles = '{}', propertySourceLocations = '{}', propertySourceProperties = '{org.mybatis.spring.boot.test.autoconfigure.MybatisTestContextBootstrapper=true}', contextCustomizers = set[[ImportsContextCustomizer@44c73c26 key = [org.springframework.boot.autoconfigure.cache.CacheAutoConfiguration, org.springframework.boot.autoconfigure.flyway.FlywayAutoConfiguration, org.springframework.boot.autoconfigure.jdbc.DataSourceAutoConfiguration, org.springframework.boot.autoconfigure.jdbc.DataSourceTransactionManagerAutoConfiguration, org.springframework.boot.autoconfigure.jdbc.JdbcTemplateAutoConfiguration, org.springframework.boot.autoconfigure.liquibase.LiquibaseAutoConfiguration, org.springframework.boot.autoconfigure.transaction.TransactionAutoConfiguration, org.mybatis.spring.boot.autoconfigure.MybatisLanguageDriverAutoConfiguration, org.mybatis.spring.boot.autoconfigure.MybatisAutoConfiguration, org.springframework.boot.test.autoconfigure.jdbc.TestDatabaseAutoConfiguration]], org.springframework.boot.test.context.filter.ExcludeFilterContextCustomizer@5fb759d6, org.springframework.boot.test.json.DuplicateJsonObjectContextCustomizerFactory$DuplicateJsonObjectContextCustomizer@68c9d179, org.springframework.boot.test.mock.mockito.MockitoContextCustomizer@0, org.springframework.boot.test.autoconfigure.OverrideAutoConfigurationContextCustomizerFactory$DisableAutoConfigurationContextCustomizer@97e93f1, org.springframework.boot.test.autoconfigure.actuate.metrics.MetricsExportContextCustomizerFactory$DisableMetricExportContextCustomizer@624ea235, org.springframework.boot.test.autoconfigure.filter.TypeExcludeFiltersContextCustomizer@351584c0, org.springframework.boot.test.autoconfigure.properties.PropertyMappingContextCustomizer@cae00618, org.springframework.boot.test.autoconfigure.web.servlet.WebDriverContextCustomizerFactory$Customizer@6933b6c6, org.springframework.boot.test.context.SpringBootTestArgs@1, org.springframework.boot.test.context.SpringBootTestWebEnvironment@0], contextLoader = 'org.springframework.boot.test.context.SpringBootContextLoader', parent = [null]], attributes = map[[empty]]], class annotated with @DirtiesContext [false] with mode [null].
19:04:53.642 [main] DEBUG org.springframework.test.context.support.DependencyInjectionTestExecutionListener - Performing dependency injection for test context [[DefaultTestContext@7b8b43c7 testClass = CredentialMapperTest, testInstance = com.denis_adidas.cloudstorage.mapper.CredentialMapperTest@73d983ea, testMethod = [null], testException = [null], mergedContextConfiguration = [MergedContextConfiguration@7aaca91a testClass = CredentialMapperTest, locations = '{}', classes = '{class com.denis_adidas.cloudstorage.CloudStorageApplication}', contextInitializerClasses = '[]', activeProfiles = '{}', propertySourceLocations = '{}', propertySourceProperties = '{org.mybatis.spring.boot.test.autoconfigure.MybatisTestContextBootstrapper=true}', contextCustomizers = set[[ImportsContextCustomizer@44c73c26 key = [org.springframework.boot.autoconfigure.cache.CacheAutoConfiguration, org.springframework.boot.autoconfigure.flyway.FlywayAutoConfiguration, org.springframework.boot.autoconfigure.jdbc.DataSourceAutoConfiguration, org.springframework.boot.autoconfigure.jdbc.DataSourceTransactionManagerAutoConfiguration, org.springframework.boot.autoconfigure.jdbc.JdbcTemplateAutoConfiguration, org.springframework.boot.autoconfigure.liquibase.LiquibaseAutoConfiguration, org.springframework.boot.autoconfigure.transaction.TransactionAutoConfiguration, org.mybatis.spring.boot.autoconfigure.MybatisLanguageDriverAutoConfiguration, org.mybatis.spring.boot.autoconfigure.MybatisAutoConfiguration, org.springframework.boot.test.autoconfigure.jdbc.TestDatabaseAutoConfiguration]], org.springframework.boot.test.context.filter.ExcludeFilterContextCustomizer@5fb759d6, org.springframework.boot.test.json.DuplicateJsonObjectContextCustomizerFactory$DuplicateJsonObjectContextCustomizer@68c9d179, org.springframework.boot.test.mock.mockito.MockitoContextCustomizer@0, org.springframework.boot.test.autoconfigure.OverrideAutoConfigurationContextCustomizerFactory$DisableAutoConfigurationContextCustomizer@97e93f1, org.springframework.boot.test.autoconfigure.actuate.metrics.MetricsExportContextCustomizerFactory$DisableMetricExportContextCustomizer@624ea235, org.springframework.boot.test.autoconfigure.filter.TypeExcludeFiltersContextCustomizer@351584c0, org.springframework.boot.test.autoconfigure.properties.PropertyMappingContextCustomizer@cae00618, org.springframework.boot.test.autoconfigure.web.servlet.WebDriverContextCustomizerFactory$Customizer@6933b6c6, org.springframework.boot.test.context.SpringBootTestArgs@1, org.springframework.boot.test.context.SpringBootTestWebEnvironment@0], contextLoader = 'org.springframework.boot.test.context.SpringBootContextLoader', parent = [null]], attributes = map['org.springframework.test.context.event.ApplicationEventsTestExecutionListener.recordApplicationEvents' -> false]]].

  .   ____          _            __ _ _
 /\\ / ___'_ __ _ _(_)_ __  __ _ \ \ \ \
( ( )\___ | '_ | '_| | '_ \/ _` | \ \ \ \
 \\/  ___)| |_)| | | | | || (_| |  ) ) ) )
  '  |____| .__|_| |_|_| |_\__, | / / / /
 =========|_|==============|___/=/_/_/_/
 :: Spring Boot ::               (v2.7.15)

2023-12-16 19:04:54.076  WARN 14740 --- [           main] ory$DuplicateJsonObjectContextCustomizer : 

Found multiple occurrences of org.json.JSONObject on the class path:

	jar:file:/C:/Users/den_p/.m2/repository/com/vaadin/external/google/android-json/0.0.20131108.vaadin1/android-json-0.0.20131108.vaadin1.jar!/org/json/JSONObject.class
	jar:file:/C:/Users/den_p/.m2/repository/org/json/json/20220320/json-20220320.jar!/org/json/JSONObject.class

You may wish to exclude one of them to ensure predictable runtime behavior

2023-12-16 19:04:54.091  INFO 14740 --- [           main] c.d.c.mapper.CredentialMapperTest        : Starting CredentialMapperTest using Java 20.0.1 on denis_adidas with PID 14740 (started by den_p in D:\IntelliJ_projects\Новая папка\course-work-cloud-storage)
2023-12-16 19:04:54.091  INFO 14740 --- [           main] c.d.c.mapper.CredentialMapperTest        : No active profile set, falling back to 1 default profile: "default"
2023-12-16 19:04:54.576  INFO 14740 --- [           main] beddedDataSourceBeanFactoryPostProcessor : Replacing 'dataSource' DataSource bean with embedded version
2023-12-16 19:04:54.969  INFO 14740 --- [           main] o.s.j.d.e.EmbeddedDatabaseFactory        : Starting embedded database: url='jdbc:h2:mem:5df98b59-651b-49e4-9144-d233bf2095a1;DB_CLOSE_DELAY=-1;DB_CLOSE_ON_EXIT=false', username='sa'
2023-12-16 19:04:55.371  INFO 14740 --- [           main] c.d.c.mapper.CredentialMapperTest        : Started CredentialMapperTest in 1.688 seconds (JVM running for 2.786)
2023-12-16 19:04:55.398  INFO 14740 --- [           main] o.s.t.c.transaction.TransactionContext   : Began transaction (1) for test context [DefaultTestContext@7b8b43c7 testClass = CredentialMapperTest, testInstance = com.denis_adidas.cloudstorage.mapper.CredentialMapperTest@73d983ea, testMethod = updateCredential@CredentialMapperTest, testException = [null], mergedContextConfiguration = [MergedContextConfiguration@7aaca91a testClass = CredentialMapperTest, locations = '{}', classes = '{class com.denis_adidas.cloudstorage.CloudStorageApplication}', contextInitializerClasses = '[]', activeProfiles = '{}', propertySourceLocations = '{}', propertySourceProperties = '{org.mybatis.spring.boot.test.autoconfigure.MybatisTestContextBootstrapper=true}', contextCustomizers = set[[ImportsContextCustomizer@44c73c26 key = [org.springframework.boot.autoconfigure.cache.CacheAutoConfiguration, org.springframework.boot.autoconfigure.flyway.FlywayAutoConfiguration, org.springframework.boot.autoconfigure.jdbc.DataSourceAutoConfiguration, org.springframework.boot.autoconfigure.jdbc.DataSourceTransactionManagerAutoConfiguration, org.springframework.boot.autoconfigure.jdbc.JdbcTemplateAutoConfiguration, org.springframework.boot.autoconfigure.liquibase.LiquibaseAutoConfiguration, org.springframework.boot.autoconfigure.transaction.TransactionAutoConfiguration, org.mybatis.spring.boot.autoconfigure.MybatisLanguageDriverAutoConfiguration, org.mybatis.spring.boot.autoconfigure.MybatisAutoConfiguration, org.springframework.boot.test.autoconfigure.jdbc.TestDatabaseAutoConfiguration]], org.springframework.boot.test.context.filter.ExcludeFilterContextCustomizer@5fb759d6, org.springframework.boot.test.json.DuplicateJsonObjectContextCustomizerFactory$DuplicateJsonObjectContextCustomizer@68c9d179, org.springframework.boot.test.mock.mockito.MockitoContextCustomizer@0, org.springframework.boot.test.autoconfigure.OverrideAutoConfigurationContextCustomizerFactory$DisableAutoConfigurationContextCustomizer@97e93f1, org.springframework.boot.test.autoconfigure.actuate.metrics.MetricsExportContextCustomizerFactory$DisableMetricExportContextCustomizer@624ea235, org.springframework.boot.test.autoconfigure.filter.TypeExcludeFiltersContextCustomizer@351584c0, org.springframework.boot.test.autoconfigure.properties.PropertyMappingContextCustomizer@cae00618, org.springframework.boot.test.autoconfigure.web.servlet.WebDriverContextCustomizerFactory$Customizer@6933b6c6, org.springframework.boot.test.context.SpringBootTestArgs@1, org.springframework.boot.test.context.SpringBootTestWebEnvironment@0], contextLoader = 'org.springframework.boot.test.context.SpringBootContextLoader', parent = [null]], attributes = map['org.springframework.test.context.event.ApplicationEventsTestExecutionListener.recordApplicationEvents' -> false]]; transaction manager [org.springframework.jdbc.support.JdbcTransactionManager@12f49ca8]; rollback [true]
2023-12-16 19:04:55.979  INFO 14740 --- [           main] o.s.t.c.transaction.TransactionContext   : Rolled back transaction for test: [DefaultTestContext@7b8b43c7 testClass = CredentialMapperTest, testInstance = com.denis_adidas.cloudstorage.mapper.CredentialMapperTest@73d983ea, testMethod = updateCredential@CredentialMapperTest, testException = org.springframework.jdbc.BadSqlGrammarException: 
### Error updating database.  Cause: org.h2.jdbc.JdbcSQLSyntaxErrorException: Table "USERS" not found (this database is empty); SQL statement:
INSERT INTO USERS (username, salt, password, firstName, lastName) VALUES(?, ?, ?, ?, ?) [42104-214]
### The error may exist in com/denis_adidas/cloudstorage/mapper/UserMapper.java (best guess)
### The error may involve com.denis_adidas.cloudstorage.mapper.UserMapper.createUser
### The error occurred while executing an update
### SQL: INSERT INTO USERS (username, salt, password, firstName, lastName) VALUES(?, ?, ?, ?, ?)
### Cause: org.h2.jdbc.JdbcSQLSyntaxErrorException: Table "USERS" not found (this database is empty); SQL statement:
INSERT INTO USERS (username, salt, password, firstName, lastName) VALUES(?, ?, ?, ?, ?) [42104-214]
; bad SQL grammar []; nested exception is org.h2.jdbc.JdbcSQLSyntaxErrorException: Table "USERS" not found (this database is empty); SQL statement:
INSERT INTO USERS (username, salt, password, firstName, lastName) VALUES(?, ?, ?, ?, ?) [42104-214], mergedContextConfiguration = [MergedContextConfiguration@7aaca91a testClass = CredentialMapperTest, locations = '{}', classes = '{class com.denis_adidas.cloudstorage.CloudStorageApplication}', contextInitializerClasses = '[]', activeProfiles = '{}', propertySourceLocations = '{}', propertySourceProperties = '{org.mybatis.spring.boot.test.autoconfigure.MybatisTestContextBootstrapper=true}', contextCustomizers = set[[ImportsContextCustomizer@44c73c26 key = [org.springframework.boot.autoconfigure.cache.CacheAutoConfiguration, org.springframework.boot.autoconfigure.flyway.FlywayAutoConfiguration, org.springframework.boot.autoconfigure.jdbc.DataSourceAutoConfiguration, org.springframework.boot.autoconfigure.jdbc.DataSourceTransactionManagerAutoConfiguration, org.springframework.boot.autoconfigure.jdbc.JdbcTemplateAutoConfiguration, org.springframework.boot.autoconfigure.liquibase.LiquibaseAutoConfiguration, org.springframework.boot.autoconfigure.transaction.TransactionAutoConfiguration, org.mybatis.spring.boot.autoconfigure.MybatisLanguageDriverAutoConfiguration, org.mybatis.spring.boot.autoconfigure.MybatisAutoConfiguration, org.springframework.boot.test.autoconfigure.jdbc.TestDatabaseAutoConfiguration]], org.springframework.boot.test.context.filter.ExcludeFilterContextCustomizer@5fb759d6, org.springframework.boot.test.json.DuplicateJsonObjectContextCustomizerFactory$DuplicateJsonObjectContextCustomizer@68c9d179, org.springframework.boot.test.mock.mockito.MockitoContextCustomizer@0, org.springframework.boot.test.autoconfigure.OverrideAutoConfigurationContextCustomizerFactory$DisableAutoConfigurationContextCustomizer@97e93f1, org.springframework.boot.test.autoconfigure.actuate.metrics.MetricsExportContextCustomizerFactory$DisableMetricExportContextCustomizer@624ea235, org.springframework.boot.test.autoconfigure.filter.TypeExcludeFiltersContextCustomizer@351584c0, org.springframework.boot.test.autoconfigure.properties.PropertyMappingContextCustomizer@cae00618, org.springframework.boot.test.autoconfigure.web.servlet.WebDriverContextCustomizerFactory$Customizer@6933b6c6, org.springframework.boot.test.context.SpringBootTestArgs@1, org.springframework.boot.test.context.SpringBootTestWebEnvironment@0], contextLoader = 'org.springframework.boot.test.context.SpringBootContextLoader', parent = [null]], attributes = map['org.springframework.test.context.event.ApplicationEventsTestExecutionListener.recordApplicationEvents' -> false]]
]]></system-out>
  </testcase>
  <testcase name="findCredentialByUser" classname="com.denis_adidas.cloudstorage.mapper.CredentialMapperTest" time="0.005">
    <error message="&#10;### Error updating database.  Cause: org.h2.jdbc.JdbcSQLSyntaxErrorException: Table &quot;USERS&quot; not found (this database is empty); SQL statement:&#10;INSERT INTO USERS (username, salt, password, firstName, lastName) VALUES(?, ?, ?, ?, ?) [42104-214]&#10;### The error may exist in com/denis_adidas/cloudstorage/mapper/UserMapper.java (best guess)&#10;### The error may involve com.denis_adidas.cloudstorage.mapper.UserMapper.createUser&#10;### The error occurred while executing an update&#10;### SQL: INSERT INTO USERS (username, salt, password, firstName, lastName) VALUES(?, ?, ?, ?, ?)&#10;### Cause: org.h2.jdbc.JdbcSQLSyntaxErrorException: Table &quot;USERS&quot; not found (this database is empty); SQL statement:&#10;INSERT INTO USERS (username, salt, password, firstName, lastName) VALUES(?, ?, ?, ?, ?) [42104-214]&#10;; bad SQL grammar []; nested exception is org.h2.jdbc.JdbcSQLSyntaxErrorException: Table &quot;USERS&quot; not found (this database is empty); SQL statement:&#10;INSERT INTO USERS (username, salt, password, firstName, lastName) VALUES(?, ?, ?, ?, ?) [42104-214]" type="org.springframework.jdbc.BadSqlGrammarException">org.springframework.jdbc.BadSqlGrammarException: 

### Error updating database.  Cause: org.h2.jdbc.JdbcSQLSyntaxErrorException: Table "USERS" not found (this database is empty); SQL statement:
INSERT INTO USERS (username, salt, password, firstName, lastName) VALUES(?, ?, ?, ?, ?) [42104-214]
### The error may exist in com/denis_adidas/cloudstorage/mapper/UserMapper.java (best guess)
### The error may involve com.denis_adidas.cloudstorage.mapper.UserMapper.createUser
### The error occurred while executing an update
### SQL: INSERT INTO USERS (username, salt, password, firstName, lastName) VALUES(?, ?, ?, ?, ?)
### Cause: org.h2.jdbc.JdbcSQLSyntaxErrorException: Table "USERS" not found (this database is empty); SQL statement:
INSERT INTO USERS (username, salt, password, firstName, lastName) VALUES(?, ?, ?, ?, ?) [42104-214]
; bad SQL grammar []; nested exception is org.h2.jdbc.JdbcSQLSyntaxErrorException: Table "USERS" not found (this database is empty); SQL statement:
INSERT INTO USERS (username, salt, password, firstName, lastName) VALUES(?, ?, ?, ?, ?) [42104-214]
	at com.denis_adidas.cloudstorage.mapper.CredentialMapperTest.setUp(CredentialMapperTest.java:35)
Caused by: org.h2.jdbc.JdbcSQLSyntaxErrorException: 
Table "USERS" not found (this database is empty); SQL statement:
INSERT INTO USERS (username, salt, password, firstName, lastName) VALUES(?, ?, ?, ?, ?) [42104-214]
	at com.denis_adidas.cloudstorage.mapper.CredentialMapperTest.setUp(CredentialMapperTest.java:35)
</error>
    <system-out><![CDATA[2023-12-16 19:04:55.994  INFO 14740 --- [           main] o.s.t.c.transaction.TransactionContext   : Began transaction (1) for test context [DefaultTestContext@7b8b43c7 testClass = CredentialMapperTest, testInstance = com.denis_adidas.cloudstorage.mapper.CredentialMapperTest@5cfed0ba, testMethod = findCredentialByUser@CredentialMapperTest, testException = [null], mergedContextConfiguration = [MergedContextConfiguration@7aaca91a testClass = CredentialMapperTest, locations = '{}', classes = '{class com.denis_adidas.cloudstorage.CloudStorageApplication}', contextInitializerClasses = '[]', activeProfiles = '{}', propertySourceLocations = '{}', propertySourceProperties = '{org.mybatis.spring.boot.test.autoconfigure.MybatisTestContextBootstrapper=true}', contextCustomizers = set[[ImportsContextCustomizer@44c73c26 key = [org.springframework.boot.autoconfigure.cache.CacheAutoConfiguration, org.springframework.boot.autoconfigure.flyway.FlywayAutoConfiguration, org.springframework.boot.autoconfigure.jdbc.DataSourceAutoConfiguration, org.springframework.boot.autoconfigure.jdbc.DataSourceTransactionManagerAutoConfiguration, org.springframework.boot.autoconfigure.jdbc.JdbcTemplateAutoConfiguration, org.springframework.boot.autoconfigure.liquibase.LiquibaseAutoConfiguration, org.springframework.boot.autoconfigure.transaction.TransactionAutoConfiguration, org.mybatis.spring.boot.autoconfigure.MybatisLanguageDriverAutoConfiguration, org.mybatis.spring.boot.autoconfigure.MybatisAutoConfiguration, org.springframework.boot.test.autoconfigure.jdbc.TestDatabaseAutoConfiguration]], org.springframework.boot.test.context.filter.ExcludeFilterContextCustomizer@5fb759d6, org.springframework.boot.test.json.DuplicateJsonObjectContextCustomizerFactory$DuplicateJsonObjectContextCustomizer@68c9d179, org.springframework.boot.test.mock.mockito.MockitoContextCustomizer@0, org.springframework.boot.test.autoconfigure.OverrideAutoConfigurationContextCustomizerFactory$DisableAutoConfigurationContextCustomizer@97e93f1, org.springframework.boot.test.autoconfigure.actuate.metrics.MetricsExportContextCustomizerFactory$DisableMetricExportContextCustomizer@624ea235, org.springframework.boot.test.autoconfigure.filter.TypeExcludeFiltersContextCustomizer@351584c0, org.springframework.boot.test.autoconfigure.properties.PropertyMappingContextCustomizer@cae00618, org.springframework.boot.test.autoconfigure.web.servlet.WebDriverContextCustomizerFactory$Customizer@6933b6c6, org.springframework.boot.test.context.SpringBootTestArgs@1, org.springframework.boot.test.context.SpringBootTestWebEnvironment@0], contextLoader = 'org.springframework.boot.test.context.SpringBootContextLoader', parent = [null]], attributes = map['org.springframework.test.context.event.ApplicationEventsTestExecutionListener.recordApplicationEvents' -> false]]; transaction manager [org.springframework.jdbc.support.JdbcTransactionManager@12f49ca8]; rollback [true]
2023-12-16 19:04:55.997  INFO 14740 --- [           main] o.s.t.c.transaction.TransactionContext   : Rolled back transaction for test: [DefaultTestContext@7b8b43c7 testClass = CredentialMapperTest, testInstance = com.denis_adidas.cloudstorage.mapper.CredentialMapperTest@5cfed0ba, testMethod = findCredentialByUser@CredentialMapperTest, testException = org.springframework.jdbc.BadSqlGrammarException: 
### Error updating database.  Cause: org.h2.jdbc.JdbcSQLSyntaxErrorException: Table "USERS" not found (this database is empty); SQL statement:
INSERT INTO USERS (username, salt, password, firstName, lastName) VALUES(?, ?, ?, ?, ?) [42104-214]
### The error may exist in com/denis_adidas/cloudstorage/mapper/UserMapper.java (best guess)
### The error may involve com.denis_adidas.cloudstorage.mapper.UserMapper.createUser
### The error occurred while executing an update
### SQL: INSERT INTO USERS (username, salt, password, firstName, lastName) VALUES(?, ?, ?, ?, ?)
### Cause: org.h2.jdbc.JdbcSQLSyntaxErrorException: Table "USERS" not found (this database is empty); SQL statement:
INSERT INTO USERS (username, salt, password, firstName, lastName) VALUES(?, ?, ?, ?, ?) [42104-214]
; bad SQL grammar []; nested exception is org.h2.jdbc.JdbcSQLSyntaxErrorException: Table "USERS" not found (this database is empty); SQL statement:
INSERT INTO USERS (username, salt, password, firstName, lastName) VALUES(?, ?, ?, ?, ?) [42104-214], mergedContextConfiguration = [MergedContextConfiguration@7aaca91a testClass = CredentialMapperTest, locations = '{}', classes = '{class com.denis_adidas.cloudstorage.CloudStorageApplication}', contextInitializerClasses = '[]', activeProfiles = '{}', propertySourceLocations = '{}', propertySourceProperties = '{org.mybatis.spring.boot.test.autoconfigure.MybatisTestContextBootstrapper=true}', contextCustomizers = set[[ImportsContextCustomizer@44c73c26 key = [org.springframework.boot.autoconfigure.cache.CacheAutoConfiguration, org.springframework.boot.autoconfigure.flyway.FlywayAutoConfiguration, org.springframework.boot.autoconfigure.jdbc.DataSourceAutoConfiguration, org.springframework.boot.autoconfigure.jdbc.DataSourceTransactionManagerAutoConfiguration, org.springframework.boot.autoconfigure.jdbc.JdbcTemplateAutoConfiguration, org.springframework.boot.autoconfigure.liquibase.LiquibaseAutoConfiguration, org.springframework.boot.autoconfigure.transaction.TransactionAutoConfiguration, org.mybatis.spring.boot.autoconfigure.MybatisLanguageDriverAutoConfiguration, org.mybatis.spring.boot.autoconfigure.MybatisAutoConfiguration, org.springframework.boot.test.autoconfigure.jdbc.TestDatabaseAutoConfiguration]], org.springframework.boot.test.context.filter.ExcludeFilterContextCustomizer@5fb759d6, org.springframework.boot.test.json.DuplicateJsonObjectContextCustomizerFactory$DuplicateJsonObjectContextCustomizer@68c9d179, org.springframework.boot.test.mock.mockito.MockitoContextCustomizer@0, org.springframework.boot.test.autoconfigure.OverrideAutoConfigurationContextCustomizerFactory$DisableAutoConfigurationContextCustomizer@97e93f1, org.springframework.boot.test.autoconfigure.actuate.metrics.MetricsExportContextCustomizerFactory$DisableMetricExportContextCustomizer@624ea235, org.springframework.boot.test.autoconfigure.filter.TypeExcludeFiltersContextCustomizer@351584c0, org.springframework.boot.test.autoconfigure.properties.PropertyMappingContextCustomizer@cae00618, org.springframework.boot.test.autoconfigure.web.servlet.WebDriverContextCustomizerFactory$Customizer@6933b6c6, org.springframework.boot.test.context.SpringBootTestArgs@1, org.springframework.boot.test.context.SpringBootTestWebEnvironment@0], contextLoader = 'org.springframework.boot.test.context.SpringBootContextLoader', parent = [null]], attributes = map['org.springframework.test.context.event.ApplicationEventsTestExecutionListener.recordApplicationEvents' -> false]]
]]></system-out>
  </testcase>
  <testcase name="findCredentialByUrl" classname="com.denis_adidas.cloudstorage.mapper.CredentialMapperTest" time="0.006">
    <error message="&#10;### Error updating database.  Cause: org.h2.jdbc.JdbcSQLSyntaxErrorException: Table &quot;USERS&quot; not found (this database is empty); SQL statement:&#10;INSERT INTO USERS (username, salt, password, firstName, lastName) VALUES(?, ?, ?, ?, ?) [42104-214]&#10;### The error may exist in com/denis_adidas/cloudstorage/mapper/UserMapper.java (best guess)&#10;### The error may involve com.denis_adidas.cloudstorage.mapper.UserMapper.createUser&#10;### The error occurred while executing an update&#10;### SQL: INSERT INTO USERS (username, salt, password, firstName, lastName) VALUES(?, ?, ?, ?, ?)&#10;### Cause: org.h2.jdbc.JdbcSQLSyntaxErrorException: Table &quot;USERS&quot; not found (this database is empty); SQL statement:&#10;INSERT INTO USERS (username, salt, password, firstName, lastName) VALUES(?, ?, ?, ?, ?) [42104-214]&#10;; bad SQL grammar []; nested exception is org.h2.jdbc.JdbcSQLSyntaxErrorException: Table &quot;USERS&quot; not found (this database is empty); SQL statement:&#10;INSERT INTO USERS (username, salt, password, firstName, lastName) VALUES(?, ?, ?, ?, ?) [42104-214]" type="org.springframework.jdbc.BadSqlGrammarException">org.springframework.jdbc.BadSqlGrammarException: 

### Error updating database.  Cause: org.h2.jdbc.JdbcSQLSyntaxErrorException: Table "USERS" not found (this database is empty); SQL statement:
INSERT INTO USERS (username, salt, password, firstName, lastName) VALUES(?, ?, ?, ?, ?) [42104-214]
### The error may exist in com/denis_adidas/cloudstorage/mapper/UserMapper.java (best guess)
### The error may involve com.denis_adidas.cloudstorage.mapper.UserMapper.createUser
### The error occurred while executing an update
### SQL: INSERT INTO USERS (username, salt, password, firstName, lastName) VALUES(?, ?, ?, ?, ?)
### Cause: org.h2.jdbc.JdbcSQLSyntaxErrorException: Table "USERS" not found (this database is empty); SQL statement:
INSERT INTO USERS (username, salt, password, firstName, lastName) VALUES(?, ?, ?, ?, ?) [42104-214]
; bad SQL grammar []; nested exception is org.h2.jdbc.JdbcSQLSyntaxErrorException: Table "USERS" not found (this database is empty); SQL statement:
INSERT INTO USERS (username, salt, password, firstName, lastName) VALUES(?, ?, ?, ?, ?) [42104-214]
	at com.denis_adidas.cloudstorage.mapper.CredentialMapperTest.setUp(CredentialMapperTest.java:35)
Caused by: org.h2.jdbc.JdbcSQLSyntaxErrorException: 
Table "USERS" not found (this database is empty); SQL statement:
INSERT INTO USERS (username, salt, password, firstName, lastName) VALUES(?, ?, ?, ?, ?) [42104-214]
	at com.denis_adidas.cloudstorage.mapper.CredentialMapperTest.setUp(CredentialMapperTest.java:35)
</error>
    <system-out><![CDATA[2023-12-16 19:04:56.001  INFO 14740 --- [           main] o.s.t.c.transaction.TransactionContext   : Began transaction (1) for test context [DefaultTestContext@7b8b43c7 testClass = CredentialMapperTest, testInstance = com.denis_adidas.cloudstorage.mapper.CredentialMapperTest@28be7fec, testMethod = findCredentialByUrl@CredentialMapperTest, testException = [null], mergedContextConfiguration = [MergedContextConfiguration@7aaca91a testClass = CredentialMapperTest, locations = '{}', classes = '{class com.denis_adidas.cloudstorage.CloudStorageApplication}', contextInitializerClasses = '[]', activeProfiles = '{}', propertySourceLocations = '{}', propertySourceProperties = '{org.mybatis.spring.boot.test.autoconfigure.MybatisTestContextBootstrapper=true}', contextCustomizers = set[[ImportsContextCustomizer@44c73c26 key = [org.springframework.boot.autoconfigure.cache.CacheAutoConfiguration, org.springframework.boot.autoconfigure.flyway.FlywayAutoConfiguration, org.springframework.boot.autoconfigure.jdbc.DataSourceAutoConfiguration, org.springframework.boot.autoconfigure.jdbc.DataSourceTransactionManagerAutoConfiguration, org.springframework.boot.autoconfigure.jdbc.JdbcTemplateAutoConfiguration, org.springframework.boot.autoconfigure.liquibase.LiquibaseAutoConfiguration, org.springframework.boot.autoconfigure.transaction.TransactionAutoConfiguration, org.mybatis.spring.boot.autoconfigure.MybatisLanguageDriverAutoConfiguration, org.mybatis.spring.boot.autoconfigure.MybatisAutoConfiguration, org.springframework.boot.test.autoconfigure.jdbc.TestDatabaseAutoConfiguration]], org.springframework.boot.test.context.filter.ExcludeFilterContextCustomizer@5fb759d6, org.springframework.boot.test.json.DuplicateJsonObjectContextCustomizerFactory$DuplicateJsonObjectContextCustomizer@68c9d179, org.springframework.boot.test.mock.mockito.MockitoContextCustomizer@0, org.springframework.boot.test.autoconfigure.OverrideAutoConfigurationContextCustomizerFactory$DisableAutoConfigurationContextCustomizer@97e93f1, org.springframework.boot.test.autoconfigure.actuate.metrics.MetricsExportContextCustomizerFactory$DisableMetricExportContextCustomizer@624ea235, org.springframework.boot.test.autoconfigure.filter.TypeExcludeFiltersContextCustomizer@351584c0, org.springframework.boot.test.autoconfigure.properties.PropertyMappingContextCustomizer@cae00618, org.springframework.boot.test.autoconfigure.web.servlet.WebDriverContextCustomizerFactory$Customizer@6933b6c6, org.springframework.boot.test.context.SpringBootTestArgs@1, org.springframework.boot.test.context.SpringBootTestWebEnvironment@0], contextLoader = 'org.springframework.boot.test.context.SpringBootContextLoader', parent = [null]], attributes = map['org.springframework.test.context.event.ApplicationEventsTestExecutionListener.recordApplicationEvents' -> false]]; transaction manager [org.springframework.jdbc.support.JdbcTransactionManager@12f49ca8]; rollback [true]
2023-12-16 19:04:56.005  INFO 14740 --- [           main] o.s.t.c.transaction.TransactionContext   : Rolled back transaction for test: [DefaultTestContext@7b8b43c7 testClass = CredentialMapperTest, testInstance = com.denis_adidas.cloudstorage.mapper.CredentialMapperTest@28be7fec, testMethod = findCredentialByUrl@CredentialMapperTest, testException = org.springframework.jdbc.BadSqlGrammarException: 
### Error updating database.  Cause: org.h2.jdbc.JdbcSQLSyntaxErrorException: Table "USERS" not found (this database is empty); SQL statement:
INSERT INTO USERS (username, salt, password, firstName, lastName) VALUES(?, ?, ?, ?, ?) [42104-214]
### The error may exist in com/denis_adidas/cloudstorage/mapper/UserMapper.java (best guess)
### The error may involve com.denis_adidas.cloudstorage.mapper.UserMapper.createUser
### The error occurred while executing an update
### SQL: INSERT INTO USERS (username, salt, password, firstName, lastName) VALUES(?, ?, ?, ?, ?)
### Cause: org.h2.jdbc.JdbcSQLSyntaxErrorException: Table "USERS" not found (this database is empty); SQL statement:
INSERT INTO USERS (username, salt, password, firstName, lastName) VALUES(?, ?, ?, ?, ?) [42104-214]
; bad SQL grammar []; nested exception is org.h2.jdbc.JdbcSQLSyntaxErrorException: Table "USERS" not found (this database is empty); SQL statement:
INSERT INTO USERS (username, salt, password, firstName, lastName) VALUES(?, ?, ?, ?, ?) [42104-214], mergedContextConfiguration = [MergedContextConfiguration@7aaca91a testClass = CredentialMapperTest, locations = '{}', classes = '{class com.denis_adidas.cloudstorage.CloudStorageApplication}', contextInitializerClasses = '[]', activeProfiles = '{}', propertySourceLocations = '{}', propertySourceProperties = '{org.mybatis.spring.boot.test.autoconfigure.MybatisTestContextBootstrapper=true}', contextCustomizers = set[[ImportsContextCustomizer@44c73c26 key = [org.springframework.boot.autoconfigure.cache.CacheAutoConfiguration, org.springframework.boot.autoconfigure.flyway.FlywayAutoConfiguration, org.springframework.boot.autoconfigure.jdbc.DataSourceAutoConfiguration, org.springframework.boot.autoconfigure.jdbc.DataSourceTransactionManagerAutoConfiguration, org.springframework.boot.autoconfigure.jdbc.JdbcTemplateAutoConfiguration, org.springframework.boot.autoconfigure.liquibase.LiquibaseAutoConfiguration, org.springframework.boot.autoconfigure.transaction.TransactionAutoConfiguration, org.mybatis.spring.boot.autoconfigure.MybatisLanguageDriverAutoConfiguration, org.mybatis.spring.boot.autoconfigure.MybatisAutoConfiguration, org.springframework.boot.test.autoconfigure.jdbc.TestDatabaseAutoConfiguration]], org.springframework.boot.test.context.filter.ExcludeFilterContextCustomizer@5fb759d6, org.springframework.boot.test.json.DuplicateJsonObjectContextCustomizerFactory$DuplicateJsonObjectContextCustomizer@68c9d179, org.springframework.boot.test.mock.mockito.MockitoContextCustomizer@0, org.springframework.boot.test.autoconfigure.OverrideAutoConfigurationContextCustomizerFactory$DisableAutoConfigurationContextCustomizer@97e93f1, org.springframework.boot.test.autoconfigure.actuate.metrics.MetricsExportContextCustomizerFactory$DisableMetricExportContextCustomizer@624ea235, org.springframework.boot.test.autoconfigure.filter.TypeExcludeFiltersContextCustomizer@351584c0, org.springframework.boot.test.autoconfigure.properties.PropertyMappingContextCustomizer@cae00618, org.springframework.boot.test.autoconfigure.web.servlet.WebDriverContextCustomizerFactory$Customizer@6933b6c6, org.springframework.boot.test.context.SpringBootTestArgs@1, org.springframework.boot.test.context.SpringBootTestWebEnvironment@0], contextLoader = 'org.springframework.boot.test.context.SpringBootContextLoader', parent = [null]], attributes = map['org.springframework.test.context.event.ApplicationEventsTestExecutionListener.recordApplicationEvents' -> false]]
]]></system-out>
  </testcase>
  <testcase name="deleteCredentialById" classname="com.denis_adidas.cloudstorage.mapper.CredentialMapperTest" time="0.005">
    <error message="&#10;### Error updating database.  Cause: org.h2.jdbc.JdbcSQLSyntaxErrorException: Table &quot;USERS&quot; not found (this database is empty); SQL statement:&#10;INSERT INTO USERS (username, salt, password, firstName, lastName) VALUES(?, ?, ?, ?, ?) [42104-214]&#10;### The error may exist in com/denis_adidas/cloudstorage/mapper/UserMapper.java (best guess)&#10;### The error may involve com.denis_adidas.cloudstorage.mapper.UserMapper.createUser&#10;### The error occurred while executing an update&#10;### SQL: INSERT INTO USERS (username, salt, password, firstName, lastName) VALUES(?, ?, ?, ?, ?)&#10;### Cause: org.h2.jdbc.JdbcSQLSyntaxErrorException: Table &quot;USERS&quot; not found (this database is empty); SQL statement:&#10;INSERT INTO USERS (username, salt, password, firstName, lastName) VALUES(?, ?, ?, ?, ?) [42104-214]&#10;; bad SQL grammar []; nested exception is org.h2.jdbc.JdbcSQLSyntaxErrorException: Table &quot;USERS&quot; not found (this database is empty); SQL statement:&#10;INSERT INTO USERS (username, salt, password, firstName, lastName) VALUES(?, ?, ?, ?, ?) [42104-214]" type="org.springframework.jdbc.BadSqlGrammarException">org.springframework.jdbc.BadSqlGrammarException: 

### Error updating database.  Cause: org.h2.jdbc.JdbcSQLSyntaxErrorException: Table "USERS" not found (this database is empty); SQL statement:
INSERT INTO USERS (username, salt, password, firstName, lastName) VALUES(?, ?, ?, ?, ?) [42104-214]
### The error may exist in com/denis_adidas/cloudstorage/mapper/UserMapper.java (best guess)
### The error may involve com.denis_adidas.cloudstorage.mapper.UserMapper.createUser
### The error occurred while executing an update
### SQL: INSERT INTO USERS (username, salt, password, firstName, lastName) VALUES(?, ?, ?, ?, ?)
### Cause: org.h2.jdbc.JdbcSQLSyntaxErrorException: Table "USERS" not found (this database is empty); SQL statement:
INSERT INTO USERS (username, salt, password, firstName, lastName) VALUES(?, ?, ?, ?, ?) [42104-214]
; bad SQL grammar []; nested exception is org.h2.jdbc.JdbcSQLSyntaxErrorException: Table "USERS" not found (this database is empty); SQL statement:
INSERT INTO USERS (username, salt, password, firstName, lastName) VALUES(?, ?, ?, ?, ?) [42104-214]
	at com.denis_adidas.cloudstorage.mapper.CredentialMapperTest.setUp(CredentialMapperTest.java:35)
Caused by: org.h2.jdbc.JdbcSQLSyntaxErrorException: 
Table "USERS" not found (this database is empty); SQL statement:
INSERT INTO USERS (username, salt, password, firstName, lastName) VALUES(?, ?, ?, ?, ?) [42104-214]
	at com.denis_adidas.cloudstorage.mapper.CredentialMapperTest.setUp(CredentialMapperTest.java:35)
</error>
    <system-out><![CDATA[2023-12-16 19:04:56.009  INFO 14740 --- [           main] o.s.t.c.transaction.TransactionContext   : Began transaction (1) for test context [DefaultTestContext@7b8b43c7 testClass = CredentialMapperTest, testInstance = com.denis_adidas.cloudstorage.mapper.CredentialMapperTest@6de7778f, testMethod = deleteCredentialById@CredentialMapperTest, testException = [null], mergedContextConfiguration = [MergedContextConfiguration@7aaca91a testClass = CredentialMapperTest, locations = '{}', classes = '{class com.denis_adidas.cloudstorage.CloudStorageApplication}', contextInitializerClasses = '[]', activeProfiles = '{}', propertySourceLocations = '{}', propertySourceProperties = '{org.mybatis.spring.boot.test.autoconfigure.MybatisTestContextBootstrapper=true}', contextCustomizers = set[[ImportsContextCustomizer@44c73c26 key = [org.springframework.boot.autoconfigure.cache.CacheAutoConfiguration, org.springframework.boot.autoconfigure.flyway.FlywayAutoConfiguration, org.springframework.boot.autoconfigure.jdbc.DataSourceAutoConfiguration, org.springframework.boot.autoconfigure.jdbc.DataSourceTransactionManagerAutoConfiguration, org.springframework.boot.autoconfigure.jdbc.JdbcTemplateAutoConfiguration, org.springframework.boot.autoconfigure.liquibase.LiquibaseAutoConfiguration, org.springframework.boot.autoconfigure.transaction.TransactionAutoConfiguration, org.mybatis.spring.boot.autoconfigure.MybatisLanguageDriverAutoConfiguration, org.mybatis.spring.boot.autoconfigure.MybatisAutoConfiguration, org.springframework.boot.test.autoconfigure.jdbc.TestDatabaseAutoConfiguration]], org.springframework.boot.test.context.filter.ExcludeFilterContextCustomizer@5fb759d6, org.springframework.boot.test.json.DuplicateJsonObjectContextCustomizerFactory$DuplicateJsonObjectContextCustomizer@68c9d179, org.springframework.boot.test.mock.mockito.MockitoContextCustomizer@0, org.springframework.boot.test.autoconfigure.OverrideAutoConfigurationContextCustomizerFactory$DisableAutoConfigurationContextCustomizer@97e93f1, org.springframework.boot.test.autoconfigure.actuate.metrics.MetricsExportContextCustomizerFactory$DisableMetricExportContextCustomizer@624ea235, org.springframework.boot.test.autoconfigure.filter.TypeExcludeFiltersContextCustomizer@351584c0, org.springframework.boot.test.autoconfigure.properties.PropertyMappingContextCustomizer@cae00618, org.springframework.boot.test.autoconfigure.web.servlet.WebDriverContextCustomizerFactory$Customizer@6933b6c6, org.springframework.boot.test.context.SpringBootTestArgs@1, org.springframework.boot.test.context.SpringBootTestWebEnvironment@0], contextLoader = 'org.springframework.boot.test.context.SpringBootContextLoader', parent = [null]], attributes = map['org.springframework.test.context.event.ApplicationEventsTestExecutionListener.recordApplicationEvents' -> false]]; transaction manager [org.springframework.jdbc.support.JdbcTransactionManager@12f49ca8]; rollback [true]
2023-12-16 19:04:56.012  INFO 14740 --- [           main] o.s.t.c.transaction.TransactionContext   : Rolled back transaction for test: [DefaultTestContext@7b8b43c7 testClass = CredentialMapperTest, testInstance = com.denis_adidas.cloudstorage.mapper.CredentialMapperTest@6de7778f, testMethod = deleteCredentialById@CredentialMapperTest, testException = org.springframework.jdbc.BadSqlGrammarException: 
### Error updating database.  Cause: org.h2.jdbc.JdbcSQLSyntaxErrorException: Table "USERS" not found (this database is empty); SQL statement:
INSERT INTO USERS (username, salt, password, firstName, lastName) VALUES(?, ?, ?, ?, ?) [42104-214]
### The error may exist in com/denis_adidas/cloudstorage/mapper/UserMapper.java (best guess)
### The error may involve com.denis_adidas.cloudstorage.mapper.UserMapper.createUser
### The error occurred while executing an update
### SQL: INSERT INTO USERS (username, salt, password, firstName, lastName) VALUES(?, ?, ?, ?, ?)
### Cause: org.h2.jdbc.JdbcSQLSyntaxErrorException: Table "USERS" not found (this database is empty); SQL statement:
INSERT INTO USERS (username, salt, password, firstName, lastName) VALUES(?, ?, ?, ?, ?) [42104-214]
; bad SQL grammar []; nested exception is org.h2.jdbc.JdbcSQLSyntaxErrorException: Table "USERS" not found (this database is empty); SQL statement:
INSERT INTO USERS (username, salt, password, firstName, lastName) VALUES(?, ?, ?, ?, ?) [42104-214], mergedContextConfiguration = [MergedContextConfiguration@7aaca91a testClass = CredentialMapperTest, locations = '{}', classes = '{class com.denis_adidas.cloudstorage.CloudStorageApplication}', contextInitializerClasses = '[]', activeProfiles = '{}', propertySourceLocations = '{}', propertySourceProperties = '{org.mybatis.spring.boot.test.autoconfigure.MybatisTestContextBootstrapper=true}', contextCustomizers = set[[ImportsContextCustomizer@44c73c26 key = [org.springframework.boot.autoconfigure.cache.CacheAutoConfiguration, org.springframework.boot.autoconfigure.flyway.FlywayAutoConfiguration, org.springframework.boot.autoconfigure.jdbc.DataSourceAutoConfiguration, org.springframework.boot.autoconfigure.jdbc.DataSourceTransactionManagerAutoConfiguration, org.springframework.boot.autoconfigure.jdbc.JdbcTemplateAutoConfiguration, org.springframework.boot.autoconfigure.liquibase.LiquibaseAutoConfiguration, org.springframework.boot.autoconfigure.transaction.TransactionAutoConfiguration, org.mybatis.spring.boot.autoconfigure.MybatisLanguageDriverAutoConfiguration, org.mybatis.spring.boot.autoconfigure.MybatisAutoConfiguration, org.springframework.boot.test.autoconfigure.jdbc.TestDatabaseAutoConfiguration]], org.springframework.boot.test.context.filter.ExcludeFilterContextCustomizer@5fb759d6, org.springframework.boot.test.json.DuplicateJsonObjectContextCustomizerFactory$DuplicateJsonObjectContextCustomizer@68c9d179, org.springframework.boot.test.mock.mockito.MockitoContextCustomizer@0, org.springframework.boot.test.autoconfigure.OverrideAutoConfigurationContextCustomizerFactory$DisableAutoConfigurationContextCustomizer@97e93f1, org.springframework.boot.test.autoconfigure.actuate.metrics.MetricsExportContextCustomizerFactory$DisableMetricExportContextCustomizer@624ea235, org.springframework.boot.test.autoconfigure.filter.TypeExcludeFiltersContextCustomizer@351584c0, org.springframework.boot.test.autoconfigure.properties.PropertyMappingContextCustomizer@cae00618, org.springframework.boot.test.autoconfigure.web.servlet.WebDriverContextCustomizerFactory$Customizer@6933b6c6, org.springframework.boot.test.context.SpringBootTestArgs@1, org.springframework.boot.test.context.SpringBootTestWebEnvironment@0], contextLoader = 'org.springframework.boot.test.context.SpringBootContextLoader', parent = [null]], attributes = map['org.springframework.test.context.event.ApplicationEventsTestExecutionListener.recordApplicationEvents' -> false]]
]]></system-out>
  </testcase>
  <testcase name="findAllCredentials" classname="com.denis_adidas.cloudstorage.mapper.CredentialMapperTest" time="0.006">
    <error message="&#10;### Error updating database.  Cause: org.h2.jdbc.JdbcSQLSyntaxErrorException: Table &quot;USERS&quot; not found (this database is empty); SQL statement:&#10;INSERT INTO USERS (username, salt, password, firstName, lastName) VALUES(?, ?, ?, ?, ?) [42104-214]&#10;### The error may exist in com/denis_adidas/cloudstorage/mapper/UserMapper.java (best guess)&#10;### The error may involve com.denis_adidas.cloudstorage.mapper.UserMapper.createUser&#10;### The error occurred while executing an update&#10;### SQL: INSERT INTO USERS (username, salt, password, firstName, lastName) VALUES(?, ?, ?, ?, ?)&#10;### Cause: org.h2.jdbc.JdbcSQLSyntaxErrorException: Table &quot;USERS&quot; not found (this database is empty); SQL statement:&#10;INSERT INTO USERS (username, salt, password, firstName, lastName) VALUES(?, ?, ?, ?, ?) [42104-214]&#10;; bad SQL grammar []; nested exception is org.h2.jdbc.JdbcSQLSyntaxErrorException: Table &quot;USERS&quot; not found (this database is empty); SQL statement:&#10;INSERT INTO USERS (username, salt, password, firstName, lastName) VALUES(?, ?, ?, ?, ?) [42104-214]" type="org.springframework.jdbc.BadSqlGrammarException">org.springframework.jdbc.BadSqlGrammarException: 

### Error updating database.  Cause: org.h2.jdbc.JdbcSQLSyntaxErrorException: Table "USERS" not found (this database is empty); SQL statement:
INSERT INTO USERS (username, salt, password, firstName, lastName) VALUES(?, ?, ?, ?, ?) [42104-214]
### The error may exist in com/denis_adidas/cloudstorage/mapper/UserMapper.java (best guess)
### The error may involve com.denis_adidas.cloudstorage.mapper.UserMapper.createUser
### The error occurred while executing an update
### SQL: INSERT INTO USERS (username, salt, password, firstName, lastName) VALUES(?, ?, ?, ?, ?)
### Cause: org.h2.jdbc.JdbcSQLSyntaxErrorException: Table "USERS" not found (this database is empty); SQL statement:
INSERT INTO USERS (username, salt, password, firstName, lastName) VALUES(?, ?, ?, ?, ?) [42104-214]
; bad SQL grammar []; nested exception is org.h2.jdbc.JdbcSQLSyntaxErrorException: Table "USERS" not found (this database is empty); SQL statement:
INSERT INTO USERS (username, salt, password, firstName, lastName) VALUES(?, ?, ?, ?, ?) [42104-214]
	at com.denis_adidas.cloudstorage.mapper.CredentialMapperTest.setUp(CredentialMapperTest.java:35)
Caused by: org.h2.jdbc.JdbcSQLSyntaxErrorException: 
Table "USERS" not found (this database is empty); SQL statement:
INSERT INTO USERS (username, salt, password, firstName, lastName) VALUES(?, ?, ?, ?, ?) [42104-214]
	at com.denis_adidas.cloudstorage.mapper.CredentialMapperTest.setUp(CredentialMapperTest.java:35)
</error>
    <system-out><![CDATA[2023-12-16 19:04:56.016  INFO 14740 --- [           main] o.s.t.c.transaction.TransactionContext   : Began transaction (1) for test context [DefaultTestContext@7b8b43c7 testClass = CredentialMapperTest, testInstance = com.denis_adidas.cloudstorage.mapper.CredentialMapperTest@6380e9e9, testMethod = findAllCredentials@CredentialMapperTest, testException = [null], mergedContextConfiguration = [MergedContextConfiguration@7aaca91a testClass = CredentialMapperTest, locations = '{}', classes = '{class com.denis_adidas.cloudstorage.CloudStorageApplication}', contextInitializerClasses = '[]', activeProfiles = '{}', propertySourceLocations = '{}', propertySourceProperties = '{org.mybatis.spring.boot.test.autoconfigure.MybatisTestContextBootstrapper=true}', contextCustomizers = set[[ImportsContextCustomizer@44c73c26 key = [org.springframework.boot.autoconfigure.cache.CacheAutoConfiguration, org.springframework.boot.autoconfigure.flyway.FlywayAutoConfiguration, org.springframework.boot.autoconfigure.jdbc.DataSourceAutoConfiguration, org.springframework.boot.autoconfigure.jdbc.DataSourceTransactionManagerAutoConfiguration, org.springframework.boot.autoconfigure.jdbc.JdbcTemplateAutoConfiguration, org.springframework.boot.autoconfigure.liquibase.LiquibaseAutoConfiguration, org.springframework.boot.autoconfigure.transaction.TransactionAutoConfiguration, org.mybatis.spring.boot.autoconfigure.MybatisLanguageDriverAutoConfiguration, org.mybatis.spring.boot.autoconfigure.MybatisAutoConfiguration, org.springframework.boot.test.autoconfigure.jdbc.TestDatabaseAutoConfiguration]], org.springframework.boot.test.context.filter.ExcludeFilterContextCustomizer@5fb759d6, org.springframework.boot.test.json.DuplicateJsonObjectContextCustomizerFactory$DuplicateJsonObjectContextCustomizer@68c9d179, org.springframework.boot.test.mock.mockito.MockitoContextCustomizer@0, org.springframework.boot.test.autoconfigure.OverrideAutoConfigurationContextCustomizerFactory$DisableAutoConfigurationContextCustomizer@97e93f1, org.springframework.boot.test.autoconfigure.actuate.metrics.MetricsExportContextCustomizerFactory$DisableMetricExportContextCustomizer@624ea235, org.springframework.boot.test.autoconfigure.filter.TypeExcludeFiltersContextCustomizer@351584c0, org.springframework.boot.test.autoconfigure.properties.PropertyMappingContextCustomizer@cae00618, org.springframework.boot.test.autoconfigure.web.servlet.WebDriverContextCustomizerFactory$Customizer@6933b6c6, org.springframework.boot.test.context.SpringBootTestArgs@1, org.springframework.boot.test.context.SpringBootTestWebEnvironment@0], contextLoader = 'org.springframework.boot.test.context.SpringBootContextLoader', parent = [null]], attributes = map['org.springframework.test.context.event.ApplicationEventsTestExecutionListener.recordApplicationEvents' -> false]]; transaction manager [org.springframework.jdbc.support.JdbcTransactionManager@12f49ca8]; rollback [true]
2023-12-16 19:04:56.019  INFO 14740 --- [           main] o.s.t.c.transaction.TransactionContext   : Rolled back transaction for test: [DefaultTestContext@7b8b43c7 testClass = CredentialMapperTest, testInstance = com.denis_adidas.cloudstorage.mapper.CredentialMapperTest@6380e9e9, testMethod = findAllCredentials@CredentialMapperTest, testException = org.springframework.jdbc.BadSqlGrammarException: 
### Error updating database.  Cause: org.h2.jdbc.JdbcSQLSyntaxErrorException: Table "USERS" not found (this database is empty); SQL statement:
INSERT INTO USERS (username, salt, password, firstName, lastName) VALUES(?, ?, ?, ?, ?) [42104-214]
### The error may exist in com/denis_adidas/cloudstorage/mapper/UserMapper.java (best guess)
### The error may involve com.denis_adidas.cloudstorage.mapper.UserMapper.createUser
### The error occurred while executing an update
### SQL: INSERT INTO USERS (username, salt, password, firstName, lastName) VALUES(?, ?, ?, ?, ?)
### Cause: org.h2.jdbc.JdbcSQLSyntaxErrorException: Table "USERS" not found (this database is empty); SQL statement:
INSERT INTO USERS (username, salt, password, firstName, lastName) VALUES(?, ?, ?, ?, ?) [42104-214]
; bad SQL grammar []; nested exception is org.h2.jdbc.JdbcSQLSyntaxErrorException: Table "USERS" not found (this database is empty); SQL statement:
INSERT INTO USERS (username, salt, password, firstName, lastName) VALUES(?, ?, ?, ?, ?) [42104-214], mergedContextConfiguration = [MergedContextConfiguration@7aaca91a testClass = CredentialMapperTest, locations = '{}', classes = '{class com.denis_adidas.cloudstorage.CloudStorageApplication}', contextInitializerClasses = '[]', activeProfiles = '{}', propertySourceLocations = '{}', propertySourceProperties = '{org.mybatis.spring.boot.test.autoconfigure.MybatisTestContextBootstrapper=true}', contextCustomizers = set[[ImportsContextCustomizer@44c73c26 key = [org.springframework.boot.autoconfigure.cache.CacheAutoConfiguration, org.springframework.boot.autoconfigure.flyway.FlywayAutoConfiguration, org.springframework.boot.autoconfigure.jdbc.DataSourceAutoConfiguration, org.springframework.boot.autoconfigure.jdbc.DataSourceTransactionManagerAutoConfiguration, org.springframework.boot.autoconfigure.jdbc.JdbcTemplateAutoConfiguration, org.springframework.boot.autoconfigure.liquibase.LiquibaseAutoConfiguration, org.springframework.boot.autoconfigure.transaction.TransactionAutoConfiguration, org.mybatis.spring.boot.autoconfigure.MybatisLanguageDriverAutoConfiguration, org.mybatis.spring.boot.autoconfigure.MybatisAutoConfiguration, org.springframework.boot.test.autoconfigure.jdbc.TestDatabaseAutoConfiguration]], org.springframework.boot.test.context.filter.ExcludeFilterContextCustomizer@5fb759d6, org.springframework.boot.test.json.DuplicateJsonObjectContextCustomizerFactory$DuplicateJsonObjectContextCustomizer@68c9d179, org.springframework.boot.test.mock.mockito.MockitoContextCustomizer@0, org.springframework.boot.test.autoconfigure.OverrideAutoConfigurationContextCustomizerFactory$DisableAutoConfigurationContextCustomizer@97e93f1, org.springframework.boot.test.autoconfigure.actuate.metrics.MetricsExportContextCustomizerFactory$DisableMetricExportContextCustomizer@624ea235, org.springframework.boot.test.autoconfigure.filter.TypeExcludeFiltersContextCustomizer@351584c0, org.springframework.boot.test.autoconfigure.properties.PropertyMappingContextCustomizer@cae00618, org.springframework.boot.test.autoconfigure.web.servlet.WebDriverContextCustomizerFactory$Customizer@6933b6c6, org.springframework.boot.test.context.SpringBootTestArgs@1, org.springframework.boot.test.context.SpringBootTestWebEnvironment@0], contextLoader = 'org.springframework.boot.test.context.SpringBootContextLoader', parent = [null]], attributes = map['org.springframework.test.context.event.ApplicationEventsTestExecutionListener.recordApplicationEvents' -> false]]
]]></system-out>
  </testcase>
  <testcase name="createCredential" classname="com.denis_adidas.cloudstorage.mapper.CredentialMapperTest" time="0.007">
    <error message="&#10;### Error updating database.  Cause: org.h2.jdbc.JdbcSQLSyntaxErrorException: Table &quot;USERS&quot; not found (this database is empty); SQL statement:&#10;INSERT INTO USERS (username, salt, password, firstName, lastName) VALUES(?, ?, ?, ?, ?) [42104-214]&#10;### The error may exist in com/denis_adidas/cloudstorage/mapper/UserMapper.java (best guess)&#10;### The error may involve com.denis_adidas.cloudstorage.mapper.UserMapper.createUser&#10;### The error occurred while executing an update&#10;### SQL: INSERT INTO USERS (username, salt, password, firstName, lastName) VALUES(?, ?, ?, ?, ?)&#10;### Cause: org.h2.jdbc.JdbcSQLSyntaxErrorException: Table &quot;USERS&quot; not found (this database is empty); SQL statement:&#10;INSERT INTO USERS (username, salt, password, firstName, lastName) VALUES(?, ?, ?, ?, ?) [42104-214]&#10;; bad SQL grammar []; nested exception is org.h2.jdbc.JdbcSQLSyntaxErrorException: Table &quot;USERS&quot; not found (this database is empty); SQL statement:&#10;INSERT INTO USERS (username, salt, password, firstName, lastName) VALUES(?, ?, ?, ?, ?) [42104-214]" type="org.springframework.jdbc.BadSqlGrammarException">org.springframework.jdbc.BadSqlGrammarException: 

### Error updating database.  Cause: org.h2.jdbc.JdbcSQLSyntaxErrorException: Table "USERS" not found (this database is empty); SQL statement:
INSERT INTO USERS (username, salt, password, firstName, lastName) VALUES(?, ?, ?, ?, ?) [42104-214]
### The error may exist in com/denis_adidas/cloudstorage/mapper/UserMapper.java (best guess)
### The error may involve com.denis_adidas.cloudstorage.mapper.UserMapper.createUser
### The error occurred while executing an update
### SQL: INSERT INTO USERS (username, salt, password, firstName, lastName) VALUES(?, ?, ?, ?, ?)
### Cause: org.h2.jdbc.JdbcSQLSyntaxErrorException: Table "USERS" not found (this database is empty); SQL statement:
INSERT INTO USERS (username, salt, password, firstName, lastName) VALUES(?, ?, ?, ?, ?) [42104-214]
; bad SQL grammar []; nested exception is org.h2.jdbc.JdbcSQLSyntaxErrorException: Table "USERS" not found (this database is empty); SQL statement:
INSERT INTO USERS (username, salt, password, firstName, lastName) VALUES(?, ?, ?, ?, ?) [42104-214]
	at com.denis_adidas.cloudstorage.mapper.CredentialMapperTest.setUp(CredentialMapperTest.java:35)
Caused by: org.h2.jdbc.JdbcSQLSyntaxErrorException: 
Table "USERS" not found (this database is empty); SQL statement:
INSERT INTO USERS (username, salt, password, firstName, lastName) VALUES(?, ?, ?, ?, ?) [42104-214]
	at com.denis_adidas.cloudstorage.mapper.CredentialMapperTest.setUp(CredentialMapperTest.java:35)
</error>
    <system-out><![CDATA[2023-12-16 19:04:56.022  INFO 14740 --- [           main] o.s.t.c.transaction.TransactionContext   : Began transaction (1) for test context [DefaultTestContext@7b8b43c7 testClass = CredentialMapperTest, testInstance = com.denis_adidas.cloudstorage.mapper.CredentialMapperTest@34c7232c, testMethod = createCredential@CredentialMapperTest, testException = [null], mergedContextConfiguration = [MergedContextConfiguration@7aaca91a testClass = CredentialMapperTest, locations = '{}', classes = '{class com.denis_adidas.cloudstorage.CloudStorageApplication}', contextInitializerClasses = '[]', activeProfiles = '{}', propertySourceLocations = '{}', propertySourceProperties = '{org.mybatis.spring.boot.test.autoconfigure.MybatisTestContextBootstrapper=true}', contextCustomizers = set[[ImportsContextCustomizer@44c73c26 key = [org.springframework.boot.autoconfigure.cache.CacheAutoConfiguration, org.springframework.boot.autoconfigure.flyway.FlywayAutoConfiguration, org.springframework.boot.autoconfigure.jdbc.DataSourceAutoConfiguration, org.springframework.boot.autoconfigure.jdbc.DataSourceTransactionManagerAutoConfiguration, org.springframework.boot.autoconfigure.jdbc.JdbcTemplateAutoConfiguration, org.springframework.boot.autoconfigure.liquibase.LiquibaseAutoConfiguration, org.springframework.boot.autoconfigure.transaction.TransactionAutoConfiguration, org.mybatis.spring.boot.autoconfigure.MybatisLanguageDriverAutoConfiguration, org.mybatis.spring.boot.autoconfigure.MybatisAutoConfiguration, org.springframework.boot.test.autoconfigure.jdbc.TestDatabaseAutoConfiguration]], org.springframework.boot.test.context.filter.ExcludeFilterContextCustomizer@5fb759d6, org.springframework.boot.test.json.DuplicateJsonObjectContextCustomizerFactory$DuplicateJsonObjectContextCustomizer@68c9d179, org.springframework.boot.test.mock.mockito.MockitoContextCustomizer@0, org.springframework.boot.test.autoconfigure.OverrideAutoConfigurationContextCustomizerFactory$DisableAutoConfigurationContextCustomizer@97e93f1, org.springframework.boot.test.autoconfigure.actuate.metrics.MetricsExportContextCustomizerFactory$DisableMetricExportContextCustomizer@624ea235, org.springframework.boot.test.autoconfigure.filter.TypeExcludeFiltersContextCustomizer@351584c0, org.springframework.boot.test.autoconfigure.properties.PropertyMappingContextCustomizer@cae00618, org.springframework.boot.test.autoconfigure.web.servlet.WebDriverContextCustomizerFactory$Customizer@6933b6c6, org.springframework.boot.test.context.SpringBootTestArgs@1, org.springframework.boot.test.context.SpringBootTestWebEnvironment@0], contextLoader = 'org.springframework.boot.test.context.SpringBootContextLoader', parent = [null]], attributes = map['org.springframework.test.context.event.ApplicationEventsTestExecutionListener.recordApplicationEvents' -> false]]; transaction manager [org.springframework.jdbc.support.JdbcTransactionManager@12f49ca8]; rollback [true]
2023-12-16 19:04:56.025  INFO 14740 --- [           main] o.s.t.c.transaction.TransactionContext   : Rolled back transaction for test: [DefaultTestContext@7b8b43c7 testClass = CredentialMapperTest, testInstance = com.denis_adidas.cloudstorage.mapper.CredentialMapperTest@34c7232c, testMethod = createCredential@CredentialMapperTest, testException = org.springframework.jdbc.BadSqlGrammarException: 
### Error updating database.  Cause: org.h2.jdbc.JdbcSQLSyntaxErrorException: Table "USERS" not found (this database is empty); SQL statement:
INSERT INTO USERS (username, salt, password, firstName, lastName) VALUES(?, ?, ?, ?, ?) [42104-214]
### The error may exist in com/denis_adidas/cloudstorage/mapper/UserMapper.java (best guess)
### The error may involve com.denis_adidas.cloudstorage.mapper.UserMapper.createUser
### The error occurred while executing an update
### SQL: INSERT INTO USERS (username, salt, password, firstName, lastName) VALUES(?, ?, ?, ?, ?)
### Cause: org.h2.jdbc.JdbcSQLSyntaxErrorException: Table "USERS" not found (this database is empty); SQL statement:
INSERT INTO USERS (username, salt, password, firstName, lastName) VALUES(?, ?, ?, ?, ?) [42104-214]
; bad SQL grammar []; nested exception is org.h2.jdbc.JdbcSQLSyntaxErrorException: Table "USERS" not found (this database is empty); SQL statement:
INSERT INTO USERS (username, salt, password, firstName, lastName) VALUES(?, ?, ?, ?, ?) [42104-214], mergedContextConfiguration = [MergedContextConfiguration@7aaca91a testClass = CredentialMapperTest, locations = '{}', classes = '{class com.denis_adidas.cloudstorage.CloudStorageApplication}', contextInitializerClasses = '[]', activeProfiles = '{}', propertySourceLocations = '{}', propertySourceProperties = '{org.mybatis.spring.boot.test.autoconfigure.MybatisTestContextBootstrapper=true}', contextCustomizers = set[[ImportsContextCustomizer@44c73c26 key = [org.springframework.boot.autoconfigure.cache.CacheAutoConfiguration, org.springframework.boot.autoconfigure.flyway.FlywayAutoConfiguration, org.springframework.boot.autoconfigure.jdbc.DataSourceAutoConfiguration, org.springframework.boot.autoconfigure.jdbc.DataSourceTransactionManagerAutoConfiguration, org.springframework.boot.autoconfigure.jdbc.JdbcTemplateAutoConfiguration, org.springframework.boot.autoconfigure.liquibase.LiquibaseAutoConfiguration, org.springframework.boot.autoconfigure.transaction.TransactionAutoConfiguration, org.mybatis.spring.boot.autoconfigure.MybatisLanguageDriverAutoConfiguration, org.mybatis.spring.boot.autoconfigure.MybatisAutoConfiguration, org.springframework.boot.test.autoconfigure.jdbc.TestDatabaseAutoConfiguration]], org.springframework.boot.test.context.filter.ExcludeFilterContextCustomizer@5fb759d6, org.springframework.boot.test.json.DuplicateJsonObjectContextCustomizerFactory$DuplicateJsonObjectContextCustomizer@68c9d179, org.springframework.boot.test.mock.mockito.MockitoContextCustomizer@0, org.springframework.boot.test.autoconfigure.OverrideAutoConfigurationContextCustomizerFactory$DisableAutoConfigurationContextCustomizer@97e93f1, org.springframework.boot.test.autoconfigure.actuate.metrics.MetricsExportContextCustomizerFactory$DisableMetricExportContextCustomizer@624ea235, org.springframework.boot.test.autoconfigure.filter.TypeExcludeFiltersContextCustomizer@351584c0, org.springframework.boot.test.autoconfigure.properties.PropertyMappingContextCustomizer@cae00618, org.springframework.boot.test.autoconfigure.web.servlet.WebDriverContextCustomizerFactory$Customizer@6933b6c6, org.springframework.boot.test.context.SpringBootTestArgs@1, org.springframework.boot.test.context.SpringBootTestWebEnvironment@0], contextLoader = 'org.springframework.boot.test.context.SpringBootContextLoader', parent = [null]], attributes = map['org.springframework.test.context.event.ApplicationEventsTestExecutionListener.recordApplicationEvents' -> false]]
]]></system-out>
  </testcase>
  <testcase name="findCredentialById" classname="com.denis_adidas.cloudstorage.mapper.CredentialMapperTest" time="0.006">
    <error message="&#10;### Error updating database.  Cause: org.h2.jdbc.JdbcSQLSyntaxErrorException: Table &quot;USERS&quot; not found (this database is empty); SQL statement:&#10;INSERT INTO USERS (username, salt, password, firstName, lastName) VALUES(?, ?, ?, ?, ?) [42104-214]&#10;### The error may exist in com/denis_adidas/cloudstorage/mapper/UserMapper.java (best guess)&#10;### The error may involve com.denis_adidas.cloudstorage.mapper.UserMapper.createUser&#10;### The error occurred while executing an update&#10;### SQL: INSERT INTO USERS (username, salt, password, firstName, lastName) VALUES(?, ?, ?, ?, ?)&#10;### Cause: org.h2.jdbc.JdbcSQLSyntaxErrorException: Table &quot;USERS&quot; not found (this database is empty); SQL statement:&#10;INSERT INTO USERS (username, salt, password, firstName, lastName) VALUES(?, ?, ?, ?, ?) [42104-214]&#10;; bad SQL grammar []; nested exception is org.h2.jdbc.JdbcSQLSyntaxErrorException: Table &quot;USERS&quot; not found (this database is empty); SQL statement:&#10;INSERT INTO USERS (username, salt, password, firstName, lastName) VALUES(?, ?, ?, ?, ?) [42104-214]" type="org.springframework.jdbc.BadSqlGrammarException">org.springframework.jdbc.BadSqlGrammarException: 

### Error updating database.  Cause: org.h2.jdbc.JdbcSQLSyntaxErrorException: Table "USERS" not found (this database is empty); SQL statement:
INSERT INTO USERS (username, salt, password, firstName, lastName) VALUES(?, ?, ?, ?, ?) [42104-214]
### The error may exist in com/denis_adidas/cloudstorage/mapper/UserMapper.java (best guess)
### The error may involve com.denis_adidas.cloudstorage.mapper.UserMapper.createUser
### The error occurred while executing an update
### SQL: INSERT INTO USERS (username, salt, password, firstName, lastName) VALUES(?, ?, ?, ?, ?)
### Cause: org.h2.jdbc.JdbcSQLSyntaxErrorException: Table "USERS" not found (this database is empty); SQL statement:
INSERT INTO USERS (username, salt, password, firstName, lastName) VALUES(?, ?, ?, ?, ?) [42104-214]
; bad SQL grammar []; nested exception is org.h2.jdbc.JdbcSQLSyntaxErrorException: Table "USERS" not found (this database is empty); SQL statement:
INSERT INTO USERS (username, salt, password, firstName, lastName) VALUES(?, ?, ?, ?, ?) [42104-214]
	at com.denis_adidas.cloudstorage.mapper.CredentialMapperTest.setUp(CredentialMapperTest.java:35)
Caused by: org.h2.jdbc.JdbcSQLSyntaxErrorException: 
Table "USERS" not found (this database is empty); SQL statement:
INSERT INTO USERS (username, salt, password, firstName, lastName) VALUES(?, ?, ?, ?, ?) [42104-214]
	at com.denis_adidas.cloudstorage.mapper.CredentialMapperTest.setUp(CredentialMapperTest.java:35)
</error>
    <system-out><![CDATA[2023-12-16 19:04:56.029  INFO 14740 --- [           main] o.s.t.c.transaction.TransactionContext   : Began transaction (1) for test context [DefaultTestContext@7b8b43c7 testClass = CredentialMapperTest, testInstance = com.denis_adidas.cloudstorage.mapper.CredentialMapperTest@285a4fe3, testMethod = findCredentialById@CredentialMapperTest, testException = [null], mergedContextConfiguration = [MergedContextConfiguration@7aaca91a testClass = CredentialMapperTest, locations = '{}', classes = '{class com.denis_adidas.cloudstorage.CloudStorageApplication}', contextInitializerClasses = '[]', activeProfiles = '{}', propertySourceLocations = '{}', propertySourceProperties = '{org.mybatis.spring.boot.test.autoconfigure.MybatisTestContextBootstrapper=true}', contextCustomizers = set[[ImportsContextCustomizer@44c73c26 key = [org.springframework.boot.autoconfigure.cache.CacheAutoConfiguration, org.springframework.boot.autoconfigure.flyway.FlywayAutoConfiguration, org.springframework.boot.autoconfigure.jdbc.DataSourceAutoConfiguration, org.springframework.boot.autoconfigure.jdbc.DataSourceTransactionManagerAutoConfiguration, org.springframework.boot.autoconfigure.jdbc.JdbcTemplateAutoConfiguration, org.springframework.boot.autoconfigure.liquibase.LiquibaseAutoConfiguration, org.springframework.boot.autoconfigure.transaction.TransactionAutoConfiguration, org.mybatis.spring.boot.autoconfigure.MybatisLanguageDriverAutoConfiguration, org.mybatis.spring.boot.autoconfigure.MybatisAutoConfiguration, org.springframework.boot.test.autoconfigure.jdbc.TestDatabaseAutoConfiguration]], org.springframework.boot.test.context.filter.ExcludeFilterContextCustomizer@5fb759d6, org.springframework.boot.test.json.DuplicateJsonObjectContextCustomizerFactory$DuplicateJsonObjectContextCustomizer@68c9d179, org.springframework.boot.test.mock.mockito.MockitoContextCustomizer@0, org.springframework.boot.test.autoconfigure.OverrideAutoConfigurationContextCustomizerFactory$DisableAutoConfigurationContextCustomizer@97e93f1, org.springframework.boot.test.autoconfigure.actuate.metrics.MetricsExportContextCustomizerFactory$DisableMetricExportContextCustomizer@624ea235, org.springframework.boot.test.autoconfigure.filter.TypeExcludeFiltersContextCustomizer@351584c0, org.springframework.boot.test.autoconfigure.properties.PropertyMappingContextCustomizer@cae00618, org.springframework.boot.test.autoconfigure.web.servlet.WebDriverContextCustomizerFactory$Customizer@6933b6c6, org.springframework.boot.test.context.SpringBootTestArgs@1, org.springframework.boot.test.context.SpringBootTestWebEnvironment@0], contextLoader = 'org.springframework.boot.test.context.SpringBootContextLoader', parent = [null]], attributes = map['org.springframework.test.context.event.ApplicationEventsTestExecutionListener.recordApplicationEvents' -> false]]; transaction manager [org.springframework.jdbc.support.JdbcTransactionManager@12f49ca8]; rollback [true]
2023-12-16 19:04:56.032  INFO 14740 --- [           main] o.s.t.c.transaction.TransactionContext   : Rolled back transaction for test: [DefaultTestContext@7b8b43c7 testClass = CredentialMapperTest, testInstance = com.denis_adidas.cloudstorage.mapper.CredentialMapperTest@285a4fe3, testMethod = findCredentialById@CredentialMapperTest, testException = org.springframework.jdbc.BadSqlGrammarException: 
### Error updating database.  Cause: org.h2.jdbc.JdbcSQLSyntaxErrorException: Table "USERS" not found (this database is empty); SQL statement:
INSERT INTO USERS (username, salt, password, firstName, lastName) VALUES(?, ?, ?, ?, ?) [42104-214]
### The error may exist in com/denis_adidas/cloudstorage/mapper/UserMapper.java (best guess)
### The error may involve com.denis_adidas.cloudstorage.mapper.UserMapper.createUser
### The error occurred while executing an update
### SQL: INSERT INTO USERS (username, salt, password, firstName, lastName) VALUES(?, ?, ?, ?, ?)
### Cause: org.h2.jdbc.JdbcSQLSyntaxErrorException: Table "USERS" not found (this database is empty); SQL statement:
INSERT INTO USERS (username, salt, password, firstName, lastName) VALUES(?, ?, ?, ?, ?) [42104-214]
; bad SQL grammar []; nested exception is org.h2.jdbc.JdbcSQLSyntaxErrorException: Table "USERS" not found (this database is empty); SQL statement:
INSERT INTO USERS (username, salt, password, firstName, lastName) VALUES(?, ?, ?, ?, ?) [42104-214], mergedContextConfiguration = [MergedContextConfiguration@7aaca91a testClass = CredentialMapperTest, locations = '{}', classes = '{class com.denis_adidas.cloudstorage.CloudStorageApplication}', contextInitializerClasses = '[]', activeProfiles = '{}', propertySourceLocations = '{}', propertySourceProperties = '{org.mybatis.spring.boot.test.autoconfigure.MybatisTestContextBootstrapper=true}', contextCustomizers = set[[ImportsContextCustomizer@44c73c26 key = [org.springframework.boot.autoconfigure.cache.CacheAutoConfiguration, org.springframework.boot.autoconfigure.flyway.FlywayAutoConfiguration, org.springframework.boot.autoconfigure.jdbc.DataSourceAutoConfiguration, org.springframework.boot.autoconfigure.jdbc.DataSourceTransactionManagerAutoConfiguration, org.springframework.boot.autoconfigure.jdbc.JdbcTemplateAutoConfiguration, org.springframework.boot.autoconfigure.liquibase.LiquibaseAutoConfiguration, org.springframework.boot.autoconfigure.transaction.TransactionAutoConfiguration, org.mybatis.spring.boot.autoconfigure.MybatisLanguageDriverAutoConfiguration, org.mybatis.spring.boot.autoconfigure.MybatisAutoConfiguration, org.springframework.boot.test.autoconfigure.jdbc.TestDatabaseAutoConfiguration]], org.springframework.boot.test.context.filter.ExcludeFilterContextCustomizer@5fb759d6, org.springframework.boot.test.json.DuplicateJsonObjectContextCustomizerFactory$DuplicateJsonObjectContextCustomizer@68c9d179, org.springframework.boot.test.mock.mockito.MockitoContextCustomizer@0, org.springframework.boot.test.autoconfigure.OverrideAutoConfigurationContextCustomizerFactory$DisableAutoConfigurationContextCustomizer@97e93f1, org.springframework.boot.test.autoconfigure.actuate.metrics.MetricsExportContextCustomizerFactory$DisableMetricExportContextCustomizer@624ea235, org.springframework.boot.test.autoconfigure.filter.TypeExcludeFiltersContextCustomizer@351584c0, org.springframework.boot.test.autoconfigure.properties.PropertyMappingContextCustomizer@cae00618, org.springframework.boot.test.autoconfigure.web.servlet.WebDriverContextCustomizerFactory$Customizer@6933b6c6, org.springframework.boot.test.context.SpringBootTestArgs@1, org.springframework.boot.test.context.SpringBootTestWebEnvironment@0], contextLoader = 'org.springframework.boot.test.context.SpringBootContextLoader', parent = [null]], attributes = map['org.springframework.test.context.event.ApplicationEventsTestExecutionListener.recordApplicationEvents' -> false]]
]]></system-out>
  </testcase>
</testsuite>