<?xml version="1.0" encoding="UTF-8"?>
<testsuite xmlns:xsi="http://www.w3.org/2001/XMLSchema-instance" xsi:noNamespaceSchemaLocation="https://maven.apache.org/surefire/maven-surefire-plugin/xsd/surefire-test-report.xsd" name="com.denis_adidas.cloudstorage.services.FileServiceTest" time="0.121" tests="6" errors="1" skipped="0" failures="0">
  <properties>
[...]
</properties>
  <testcase name="addFile" classname="com.denis_adidas.cloudstorage.services.FileServiceTest" time="0.09">
    <error message="Cannot invoke &quot;com.denis_adidas.cloudstorage.model.User.getUserId()&quot; because the return value of &quot;com.denis_adidas.cloudstorage.services.UserService.getUser(String)&quot; is null" type="java.lang.NullPointerException">java.lang.NullPointerException: Cannot invoke "com.denis_adidas.cloudstorage.model.User.getUserId()" because the return value of "com.denis_adidas.cloudstorage.services.UserService.getUser(String)" is null
	at com.denis_adidas.cloudstorage.services.FileServiceTest.addFile(FileServiceTest.java:50)
</error>
  </testcase>
  <testcase name="test_deleteFile_happy_path" classname="com.denis_adidas.cloudstorage.services.FileServiceTest" time="0.023"/>
  <testcase name="getAllFiles" classname="com.denis_adidas.cloudstorage.services.FileServiceTest" time="0.003"/>
  <testcase name="getFilesByUser" classname="com.denis_adidas.cloudstorage.services.FileServiceTest" time="0.001"/>
  <testcase name="test_deleteFile_sad_path" classname="com.denis_adidas.cloudstorage.services.FileServiceTest" time="0.001"/>
  <testcase name="getFileById" classname="com.denis_adidas.cloudstorage.services.FileServiceTest" time="0.001"/>
</testsuite>